2024-12-17T00:43:41.696735+00:00 INFO 'ansible_navigator.setup_logger' New ansible-navigator instance, logging initialized
2024-12-17T00:43:41.697138+00:00 INFO 'ansible_navigator.setup_logger' New ansible-runner instance, logging initialized
2024-12-17T00:43:41.697191+00:00 DEBUG 'ansible_navigator.main' ansible-builder==1.1.0 /usr/lib/python3.9/site-packages
2024-12-17T00:43:41.697218+00:00 DEBUG 'ansible_navigator.main' ansible-core==2.13.0 /usr/lib/python3.9/site-packages
2024-12-17T00:43:41.697241+00:00 DEBUG 'ansible_navigator.main' ansible-navigator==2.1.0 /usr/lib/python3.9/site-packages
2024-12-17T00:43:41.697262+00:00 DEBUG 'ansible_navigator.main' ansible-runner==2.2.0 /usr/lib/python3.9/site-packages
2024-12-17T00:43:41.697282+00:00 DEBUG 'ansible_navigator.main' attrs==21.4.0 /usr/lib/python3.9/site-packages
2024-12-17T00:43:41.697302+00:00 DEBUG 'ansible_navigator.main' babel==2.9.1 /usr/lib/python3.9/site-packages
2024-12-17T00:43:41.697322+00:00 DEBUG 'ansible_navigator.main' bindep==2.10.2 /usr/lib/python3.9/site-packages
2024-12-17T00:43:41.697342+00:00 DEBUG 'ansible_navigator.main' brlapi==0.8.2 /usr/lib64/python3.9/site-packages
2024-12-17T00:43:41.697361+00:00 DEBUG 'ansible_navigator.main' certifi==2020.6.20 /usr/lib/python3.9/site-packages
2024-12-17T00:43:41.697381+00:00 DEBUG 'ansible_navigator.main' cffi==1.15.0 /usr/lib64/python3.9/site-packages
2024-12-17T00:43:41.697401+00:00 DEBUG 'ansible_navigator.main' chardet==4.0.0 /usr/lib/python3.9/site-packages
2024-12-17T00:43:41.697420+00:00 DEBUG 'ansible_navigator.main' charset-normalizer==2.0.11 /usr/lib/python3.9/site-packages
2024-12-17T00:43:41.697440+00:00 DEBUG 'ansible_navigator.main' chrome-gnome-shell==0.0.0 /usr/lib/python3.9/site-packages
2024-12-17T00:43:41.697459+00:00 DEBUG 'ansible_navigator.main' cloud-init==21.1 /usr/lib/python3.9/site-packages
2024-12-17T00:43:41.697479+00:00 DEBUG 'ansible_navigator.main' configobj==5.0.6 /usr/lib/python3.9/site-packages
2024-12-17T00:43:41.697499+00:00 DEBUG 'ansible_navigator.main' cryptography==36.0.1 /usr/lib64/python3.9/site-packages
2024-12-17T00:43:41.697518+00:00 DEBUG 'ansible_navigator.main' cupshelpers==1.0 /usr/lib/python3.9/site-packages
2024-12-17T00:43:41.697538+00:00 DEBUG 'ansible_navigator.main' dasbus==1.4 /usr/lib/python3.9/site-packages
2024-12-17T00:43:41.697557+00:00 DEBUG 'ansible_navigator.main' dbus-python==1.2.18 /usr/lib64/python3.9/site-packages
2024-12-17T00:43:41.697577+00:00 DEBUG 'ansible_navigator.main' decorator==4.4.2 /usr/lib/python3.9/site-packages
2024-12-17T00:43:41.697596+00:00 DEBUG 'ansible_navigator.main' distlib==0.3.4 /usr/local/lib/python3.9/site-packages
2024-12-17T00:43:41.697629+00:00 DEBUG 'ansible_navigator.main' distro==1.6.0 /usr/lib/python3.9/site-packages
2024-12-17T00:43:41.697649+00:00 DEBUG 'ansible_navigator.main' docutils==0.16 /usr/lib/python3.9/site-packages
2024-12-17T00:43:41.697669+00:00 DEBUG 'ansible_navigator.main' ethtool==0.15 /usr/lib64/python3.9/site-packages
2024-12-17T00:43:41.697689+00:00 DEBUG 'ansible_navigator.main' file-magic==0.4.0 /usr/lib/python3.9/site-packages
2024-12-17T00:43:41.697709+00:00 DEBUG 'ansible_navigator.main' filelock==3.7.0 /usr/local/lib/python3.9/site-packages
2024-12-17T00:43:41.697728+00:00 DEBUG 'ansible_navigator.main' gpg==1.15.1 /usr/lib64/python3.9/site-packages
2024-12-17T00:43:41.697748+00:00 DEBUG 'ansible_navigator.main' idna==3.3 /usr/lib/python3.9/site-packages
2024-12-17T00:43:41.697768+00:00 DEBUG 'ansible_navigator.main' iniparse==0.4 /usr/lib/python3.9/site-packages
2024-12-17T00:43:41.697787+00:00 DEBUG 'ansible_navigator.main' jinja2==3.0.3 /usr/lib/python3.9/site-packages
2024-12-17T00:43:41.697807+00:00 DEBUG 'ansible_navigator.main' jsonpatch==1.21 /usr/lib/python3.9/site-packages
2024-12-17T00:43:41.697826+00:00 DEBUG 'ansible_navigator.main' jsonpointer==2.0 /usr/lib/python3.9/site-packages
2024-12-17T00:43:41.697846+00:00 DEBUG 'ansible_navigator.main' jsonschema==3.2.0 /usr/lib/python3.9/site-packages
2024-12-17T00:43:41.697865+00:00 DEBUG 'ansible_navigator.main' libcomps==0.1.18 /usr/lib64/python3.9/site-packages
2024-12-17T00:43:41.697901+00:00 DEBUG 'ansible_navigator.main' lockfile==0.12.2 /usr/lib/python3.9/site-packages
2024-12-17T00:43:41.697922+00:00 DEBUG 'ansible_navigator.main' lxml==4.6.5 /usr/lib64/python3.9/site-packages
2024-12-17T00:43:41.697951+00:00 DEBUG 'ansible_navigator.main' markupsafe==2.1.0 /usr/lib64/python3.9/site-packages
2024-12-17T00:43:41.697971+00:00 DEBUG 'ansible_navigator.main' netifaces==0.10.6 /usr/lib64/python3.9/site-packages
2024-12-17T00:43:41.697990+00:00 DEBUG 'ansible_navigator.main' nftables==0.1 /usr/lib/python3.9/site-packages
2024-12-17T00:43:41.698009+00:00 DEBUG 'ansible_navigator.main' oauthlib==3.1.1 /usr/lib/python3.9/site-packages
2024-12-17T00:43:41.698029+00:00 DEBUG 'ansible_navigator.main' onigurumacffi==1.1.0 /usr/lib64/python3.9/site-packages
2024-12-17T00:43:41.698047+00:00 DEBUG 'ansible_navigator.main' packaging==21.2 /usr/lib/python3.9/site-packages
2024-12-17T00:43:41.698067+00:00 DEBUG 'ansible_navigator.main' parsley==1.3 /usr/lib/python3.9/site-packages
2024-12-17T00:43:41.698086+00:00 DEBUG 'ansible_navigator.main' pathspec==0.12.1 /home/student/.local/lib/python3.9/site-packages
2024-12-17T00:43:41.698106+00:00 DEBUG 'ansible_navigator.main' pbr==5.8.1 /usr/lib/python3.9/site-packages
2024-12-17T00:43:41.698125+00:00 DEBUG 'ansible_navigator.main' perf==0.1 /usr/lib64/python3.9/site-packages
2024-12-17T00:43:41.698144+00:00 DEBUG 'ansible_navigator.main' pexpect==4.8.0 /usr/lib/python3.9/site-packages
2024-12-17T00:43:41.698163+00:00 DEBUG 'ansible_navigator.main' pip==21.2.3 /usr/lib/python3.9/site-packages
2024-12-17T00:43:41.698182+00:00 DEBUG 'ansible_navigator.main' platformdirs==2.5.2 /usr/local/lib/python3.9/site-packages
2024-12-17T00:43:41.698201+00:00 DEBUG 'ansible_navigator.main' prettytable==0.7.2 /usr/lib/python3.9/site-packages
2024-12-17T00:43:41.698220+00:00 DEBUG 'ansible_navigator.main' psutil==5.8.0 /usr/lib64/python3.9/site-packages
2024-12-17T00:43:41.698240+00:00 DEBUG 'ansible_navigator.main' ptyprocess==0.6.0 /usr/lib/python3.9/site-packages
2024-12-17T00:43:41.698259+00:00 DEBUG 'ansible_navigator.main' pycairo==1.20.0 /usr/lib64/python3.9/site-packages
2024-12-17T00:43:41.698278+00:00 DEBUG 'ansible_navigator.main' pycparser==2.21 /usr/lib/python3.9/site-packages
2024-12-17T00:43:41.698297+00:00 DEBUG 'ansible_navigator.main' pycups==2.0.1 /usr/lib64/python3.9/site-packages
2024-12-17T00:43:41.698317+00:00 DEBUG 'ansible_navigator.main' pycurl==7.43.0.6 /usr/lib64/python3.9/site-packages
2024-12-17T00:43:41.698336+00:00 DEBUG 'ansible_navigator.main' pyenchant==3.2.0 /usr/lib/python3.9/site-packages
2024-12-17T00:43:41.698355+00:00 DEBUG 'ansible_navigator.main' pygobject==3.40.1 /usr/lib64/python3.9/site-packages
2024-12-17T00:43:41.698374+00:00 DEBUG 'ansible_navigator.main' pyinotify==0.9.6 /usr/lib/python3.9/site-packages
2024-12-17T00:43:41.698393+00:00 DEBUG 'ansible_navigator.main' pyopenssl==19.1.0 /usr/lib/python3.9/site-packages
2024-12-17T00:43:41.698412+00:00 DEBUG 'ansible_navigator.main' pyparsing==2.4.7 /usr/lib/python3.9/site-packages
2024-12-17T00:43:41.698431+00:00 DEBUG 'ansible_navigator.main' pyrsistent==0.17.3 /usr/lib64/python3.9/site-packages
2024-12-17T00:43:41.698450+00:00 DEBUG 'ansible_navigator.main' pyserial==3.4 /usr/lib/python3.9/site-packages
2024-12-17T00:43:41.698469+00:00 DEBUG 'ansible_navigator.main' pysocks==1.7.1 /usr/lib/python3.9/site-packages
2024-12-17T00:43:41.698488+00:00 DEBUG 'ansible_navigator.main' python-daemon==2.3.0 /usr/lib/python3.9/site-packages
2024-12-17T00:43:41.698507+00:00 DEBUG 'ansible_navigator.main' python-dateutil==2.8.1 /usr/lib/python3.9/site-packages
2024-12-17T00:43:41.698526+00:00 DEBUG 'ansible_navigator.main' python-dmidecode==3.12.2 /usr/lib64/python3.9/site-packages
2024-12-17T00:43:41.698545+00:00 DEBUG 'ansible_navigator.main' python-linux-procfs==0.7.0 /usr/lib/python3.9/site-packages
2024-12-17T00:43:41.698564+00:00 DEBUG 'ansible_navigator.main' pytz==2021.3 /usr/lib/python3.9/site-packages
2024-12-17T00:43:41.698583+00:00 DEBUG 'ansible_navigator.main' pyudev==0.22.0 /usr/lib/python3.9/site-packages
2024-12-17T00:43:41.698616+00:00 DEBUG 'ansible_navigator.main' pyxdg==0.27 /usr/lib/python3.9/site-packages
2024-12-17T00:43:41.698639+00:00 DEBUG 'ansible_navigator.main' pyyaml==5.4.1 /usr/lib64/python3.9/site-packages
2024-12-17T00:43:41.698659+00:00 DEBUG 'ansible_navigator.main' requests==2.27.1 /usr/lib/python3.9/site-packages
2024-12-17T00:43:41.698678+00:00 DEBUG 'ansible_navigator.main' requirements-parser==0.2.0 /usr/lib/python3.9/site-packages
2024-12-17T00:43:41.698698+00:00 DEBUG 'ansible_navigator.main' resolvelib==0.5.4 /usr/lib/python3.9/site-packages
2024-12-17T00:43:41.698717+00:00 DEBUG 'ansible_navigator.main' rpm==4.16.1.3 /usr/lib64/python3.9/site-packages
2024-12-17T00:43:41.698736+00:00 DEBUG 'ansible_navigator.main' selinux==3.3 /usr/lib64/python3.9/site-packages
2024-12-17T00:43:41.698755+00:00 DEBUG 'ansible_navigator.main' sepolicy==3.3 /usr/lib/python3.9/site-packages
2024-12-17T00:43:41.698774+00:00 DEBUG 'ansible_navigator.main' setools==4.4.0 /usr/lib64/python3.9/site-packages
2024-12-17T00:43:41.698793+00:00 DEBUG 'ansible_navigator.main' setroubleshoot==1.1 /usr/lib/python3.9/site-packages
2024-12-17T00:43:41.698812+00:00 DEBUG 'ansible_navigator.main' setuptools==53.0.0 /usr/lib/python3.9/site-packages
2024-12-17T00:43:41.698832+00:00 DEBUG 'ansible_navigator.main' six==1.16.0 /usr/lib/python3.9/site-packages
2024-12-17T00:43:41.698851+00:00 DEBUG 'ansible_navigator.main' sos==4.2 /usr/lib/python3.9/site-packages
2024-12-17T00:43:41.698870+00:00 DEBUG 'ansible_navigator.main' subscription-manager==1.29.26 /usr/lib64/python3.9/site-packages
2024-12-17T00:43:41.698889+00:00 DEBUG 'ansible_navigator.main' systemd-python==234 /usr/lib64/python3.9/site-packages
2024-12-17T00:43:41.698908+00:00 DEBUG 'ansible_navigator.main' urllib3==1.26.8 /usr/lib/python3.9/site-packages
2024-12-17T00:43:41.698937+00:00 DEBUG 'ansible_navigator.main' virtualenv==20.14.1 /usr/local/lib/python3.9/site-packages
2024-12-17T00:43:41.698957+00:00 DEBUG 'ansible_navigator.main' yamllint==1.35.1 /home/student/.local/lib/python3.9/site-packages
2024-12-17T00:43:41.698977+00:00 DEBUG 'ansible_navigator.main' Share directory '/usr/lib/python3.9/share/ansible_navigator' not found (development path)
2024-12-17T00:43:41.698996+00:00 DEBUG 'ansible_navigator.main' Share directory '/home/student/.local/share/ansible_navigator' not found (userbase)
2024-12-17T00:43:41.699015+00:00 DEBUG 'ansible_navigator.main' Share directory '/usr/share/ansible_navigator' found (sys.prefix)
2024-12-17T00:43:41.699034+00:00 DEBUG 'ansible_navigator.main' Default collection_doc_cache_path set to: /home/student/.cache/ansible-navigator/collection_doc_cache.db
2024-12-17T00:43:41.699054+00:00 DEBUG 'ansible_navigator.main' EDITOR environment variable set as '/usr/bin/vim'
2024-12-17T00:43:41.699073+00:00 DEBUG 'ansible_navigator.main' Default editor_command set to: /usr/bin/vim {filename}
2024-12-17T00:43:41.699092+00:00 DEBUG 'ansible_navigator.main' No config file set by ANSIBLE_NAVIGATOR_CONFIG
2024-12-17T00:43:41.699111+00:00 DEBUG 'ansible_navigator.main' Looking in /home/student
2024-12-17T00:43:41.699130+00:00 DEBUG 'ansible_navigator.main' Looking for '/home/student/.ansible-navigator.yml', '/home/student/.ansible-navigator.yaml' and '/home/student/.ansible-navigator.json'
2024-12-17T00:43:41.699150+00:00 DEBUG 'ansible_navigator.main' Found 1: '/home/student/.ansible-navigator.yml'
2024-12-17T00:43:41.699169+00:00 DEBUG 'ansible_navigator.main' Looking in /home/student/role-create
2024-12-17T00:43:41.699188+00:00 DEBUG 'ansible_navigator.main' Looking for '/home/student/role-create/ansible-navigator.yml', '/home/student/role-create/ansible-navigator.yaml' and '/home/student/role-create/ansible-navigator.json'
2024-12-17T00:43:41.699210+00:00 DEBUG 'ansible_navigator.main' Found 0: 
2024-12-17T00:43:41.699230+00:00 DEBUG 'ansible_navigator.main' All found 1: '/home/student/.ansible-navigator.yml'
2024-12-17T00:43:41.699249+00:00 DEBUG 'ansible_navigator.main' Using: /home/student/.ansible-navigator.yml
2024-12-17T00:43:41.699278+00:00 DEBUG 'ansible_navigator.main' Using settings file at /home/student/.ansible-navigator.yml in search path
2024-12-17T00:43:41.699299+00:00 DEBUG 'ansible_navigator.main' Command provided: 'run -m stdout --syntax-check'
2024-12-17T00:43:41.699318+00:00 DEBUG 'ansible_navigator.main' ansible-navigator.ansible-runner.artifact-dir not found in settings file
2024-12-17T00:43:41.699338+00:00 DEBUG 'ansible_navigator.main' ansible-navigator.ansible-runner.rotate-artifacts-count not found in settings file
2024-12-17T00:43:41.699358+00:00 DEBUG 'ansible_navigator.main' ansible-navigator.ansible-runner.timeout not found in settings file
2024-12-17T00:43:41.699377+00:00 DEBUG 'ansible_navigator.main' ansible-navigator.app not found in settings file
2024-12-17T00:43:41.699396+00:00 DEBUG 'ansible_navigator.main' ansible-navigator.ansible.cmdline not found in settings file
2024-12-17T00:43:41.699415+00:00 DEBUG 'ansible_navigator.main' ansible-navigator.collection-doc-cache-path not found in settings file
2024-12-17T00:43:41.699435+00:00 DEBUG 'ansible_navigator.main' ansible-navigator.ansible.config.path not found in settings file
2024-12-17T00:43:41.699454+00:00 DEBUG 'ansible_navigator.main' ansible-navigator.execution-environment.container-engine not found in settings file
2024-12-17T00:43:41.699473+00:00 DEBUG 'ansible_navigator.main' ansible-navigator.execution-environment.container-options not found in settings file
2024-12-17T00:43:41.699493+00:00 DEBUG 'ansible_navigator.main' ansible-navigator.color.enable not found in settings file
2024-12-17T00:43:41.699512+00:00 DEBUG 'ansible_navigator.main' ansible-navigator.editor.command not found in settings file
2024-12-17T00:43:41.699531+00:00 DEBUG 'ansible_navigator.main' ansible-navigator.editor.console not found in settings file
2024-12-17T00:43:41.699550+00:00 DEBUG 'ansible_navigator.main' ansible-navigator.exec.command not found in settings file
2024-12-17T00:43:41.699569+00:00 DEBUG 'ansible_navigator.main' ansible-navigator.exec.shell not found in settings file
2024-12-17T00:43:41.699588+00:00 DEBUG 'ansible_navigator.main' ansible-navigator.execution-environment.enabled not found in settings file
2024-12-17T00:43:41.699608+00:00 DEBUG 'ansible_navigator.main' ansible-navigator.execution-environment.volume-mounts not found in settings file
2024-12-17T00:43:41.699644+00:00 DEBUG 'ansible_navigator.main' ansible-navigator.ansible-builder.help not found in settings file
2024-12-17T00:43:41.699664+00:00 DEBUG 'ansible_navigator.main' ansible-navigator.ansible.config.help not found in settings file
2024-12-17T00:43:41.699683+00:00 DEBUG 'ansible_navigator.main' ansible-navigator.ansible.doc.help not found in settings file
2024-12-17T00:43:41.699703+00:00 DEBUG 'ansible_navigator.main' ansible-navigator.ansible.inventory.help not found in settings file
2024-12-17T00:43:41.699722+00:00 DEBUG 'ansible_navigator.main' ansible-navigator.ansible.playbook.help not found in settings file
2024-12-17T00:43:41.699742+00:00 DEBUG 'ansible_navigator.main' ansible-navigator.images.details not found in settings file
2024-12-17T00:43:41.699761+00:00 DEBUG 'ansible_navigator.main' ansible-navigator.ansible.inventory.entries not found in settings file
2024-12-17T00:43:41.699781+00:00 DEBUG 'ansible_navigator.main' ansible-navigator.inventory-columns not found in settings file
2024-12-17T00:43:41.699800+00:00 DEBUG 'ansible_navigator.main' ansible-navigator.ansible-lint.config not found in settings file
2024-12-17T00:43:41.699820+00:00 DEBUG 'ansible_navigator.main' ansible-navigator.ansible-lint.lintables not found in settings file
2024-12-17T00:43:41.699839+00:00 DEBUG 'ansible_navigator.main' ansible-navigator.logging.append not found in settings file
2024-12-17T00:43:41.699858+00:00 DEBUG 'ansible_navigator.main' ansible-navigator.logging.file not found in settings file
2024-12-17T00:43:41.699878+00:00 DEBUG 'ansible_navigator.main' ansible-navigator.logging.level not found in settings file
2024-12-17T00:43:41.699897+00:00 DEBUG 'ansible_navigator.main' ansible-navigator.mode not found in settings file
2024-12-17T00:43:41.699933+00:00 DEBUG 'ansible_navigator.main' ansible-navigator.color.osc4 not found in settings file
2024-12-17T00:43:41.700011+00:00 DEBUG 'ansible_navigator.main' ansible-navigator.execution-environment.environment-variables.pass not found in settings file
2024-12-17T00:43:41.700036+00:00 DEBUG 'ansible_navigator.main' ansible-navigator.ansible.playbook.path not found in settings file
2024-12-17T00:43:41.700056+00:00 DEBUG 'ansible_navigator.main' ansible-navigator.playbook-artifact.enable not found in settings file
2024-12-17T00:43:41.700075+00:00 DEBUG 'ansible_navigator.main' ansible-navigator.playbook-artifact.replay not found in settings file
2024-12-17T00:43:41.700095+00:00 DEBUG 'ansible_navigator.main' ansible-navigator.playbook-artifact.save-as not found in settings file
2024-12-17T00:43:41.700114+00:00 DEBUG 'ansible_navigator.main' ansible-navigator.ansible.doc.plugin.name not found in settings file
2024-12-17T00:43:41.700171+00:00 DEBUG 'ansible_navigator.main' ansible-navigator.ansible.doc.plugin.type not found in settings file
2024-12-17T00:43:41.700191+00:00 DEBUG 'ansible_navigator.main' ansible-navigator.execution-environment.pull.arguments not found in settings file
2024-12-17T00:43:41.700210+00:00 DEBUG 'ansible_navigator.main' ansible-navigator.execution-environment.environment-variables.set not found in settings file
2024-12-17T00:43:41.700229+00:00 DEBUG 'ansible_navigator.main' ansible-navigator.settings.effective not found in settings file
2024-12-17T00:43:41.700249+00:00 DEBUG 'ansible_navigator.main' ansible-navigator.settings.sample not found in settings file
2024-12-17T00:43:41.700268+00:00 DEBUG 'ansible_navigator.main' ansible-navigator.settings.schema not found in settings file
2024-12-17T00:43:41.700288+00:00 DEBUG 'ansible_navigator.main' ansible-navigator.settings.sources not found in settings file
2024-12-17T00:43:41.700307+00:00 DEBUG 'ansible_navigator.main' ansible-navigator.time-zone not found in settings file
2024-12-17T00:43:41.700326+00:00 DEBUG 'ansible_navigator.main' ansible-navigator.ansible-builder.workdir not found in settings file
2024-12-17T00:43:41.700346+00:00 DEBUG 'ansible_navigator.main' EE support enabled: using current working directory for 'ansible.cfg'
2024-12-17T00:43:41.700365+00:00 INFO 'ansible_navigator.main' EE support enabled: found 'ansible.cfg' in current working directory.
2024-12-17T00:43:41.700385+00:00 DEBUG 'ansible_navigator.main' Completed post processing for ansible_runner_artifact_dir. (changed=False)
2024-12-17T00:43:41.700404+00:00 DEBUG 'ansible_navigator.main' Completed post processing for ansible_runner_rotate_artifacts_count. (changed=False)
2024-12-17T00:43:41.700423+00:00 DEBUG 'ansible_navigator.main' Completed post processing for ansible_runner_timeout. (changed=False)
2024-12-17T00:43:41.700443+00:00 DEBUG 'ansible_navigator.main' Completed post processing for cmdline. (changed=False)
2024-12-17T00:43:41.700462+00:00 DEBUG 'ansible_navigator.main' Completed post processing for collection_doc_cache_path. (changed=False)
2024-12-17T00:43:41.700481+00:00 DEBUG 'ansible_navigator.main' Completed post processing for container_engine. (changed=True)
2024-12-17T00:43:41.700500+00:00 DEBUG 'ansible_navigator.main'  before: 'auto'
2024-12-17T00:43:41.700519+00:00 DEBUG 'ansible_navigator.main'  after: 'podman'
2024-12-17T00:43:41.700539+00:00 DEBUG 'ansible_navigator.main' Completed post processing for container_options. (changed=False)
2024-12-17T00:43:41.700558+00:00 DEBUG 'ansible_navigator.main' Completed post processing for display_color. (changed=False)
2024-12-17T00:43:41.700578+00:00 DEBUG 'ansible_navigator.main' Completed post processing for execution_environment. (changed=False)
2024-12-17T00:43:41.700597+00:00 DEBUG 'ansible_navigator.main' Completed post processing for execution_environment_image. (changed=False)
2024-12-17T00:43:41.700666+00:00 DEBUG 'ansible_navigator.main' Completed post processing for help_builder. (changed=False)
2024-12-17T00:43:41.700712+00:00 DEBUG 'ansible_navigator.main' Completed post processing for help_config. (changed=False)
2024-12-17T00:43:41.700742+00:00 DEBUG 'ansible_navigator.main' Completed post processing for help_doc. (changed=False)
2024-12-17T00:43:41.700769+00:00 DEBUG 'ansible_navigator.main' Completed post processing for help_inventory. (changed=False)
2024-12-17T00:43:41.700798+00:00 DEBUG 'ansible_navigator.main' Completed post processing for help_playbook. (changed=False)
2024-12-17T00:43:41.700827+00:00 DEBUG 'ansible_navigator.main' Completed post processing for images_details. (changed=False)
2024-12-17T00:43:41.700848+00:00 DEBUG 'ansible_navigator.main' Completed post processing for inventory. (changed=True)
2024-12-17T00:43:41.700867+00:00 DEBUG 'ansible_navigator.main'  before: 'Not set'
2024-12-17T00:43:41.700887+00:00 DEBUG 'ansible_navigator.main'  after: '['/home/student/role-create/inventory']'
2024-12-17T00:43:41.700906+00:00 DEBUG 'ansible_navigator.main' Completed post processing for inventory_column. (changed=False)
2024-12-17T00:43:41.700933+00:00 DEBUG 'ansible_navigator.main' Completed post processing for log_file. (changed=False)
2024-12-17T00:43:41.700953+00:00 DEBUG 'ansible_navigator.main' Completed post processing for pass_environment_variable. (changed=False)
2024-12-17T00:43:41.700972+00:00 DEBUG 'ansible_navigator.main' Completed post processing for playbook. (changed=False)
2024-12-17T00:43:41.700991+00:00 DEBUG 'ansible_navigator.main' Completed post processing for playbook_artifact_replay. (changed=False)
2024-12-17T00:43:41.701011+00:00 DEBUG 'ansible_navigator.main' Completed post processing for playbook_artifact_save_as. (changed=False)
2024-12-17T00:43:41.701031+00:00 DEBUG 'ansible_navigator.main' Completed post processing for plugin_name. (changed=False)
2024-12-17T00:43:41.701050+00:00 DEBUG 'ansible_navigator.main' Completed post processing for pull_arguments. (changed=False)
2024-12-17T00:43:41.701069+00:00 DEBUG 'ansible_navigator.main' Completed post processing for set_environment_variable. (changed=False)
2024-12-17T00:43:41.701088+00:00 DEBUG 'ansible_navigator.main' Completed post processing for settings_effective. (changed=False)
2024-12-17T00:43:41.701107+00:00 DEBUG 'ansible_navigator.main' Completed post processing for settings_sample. (changed=False)
2024-12-17T00:43:41.701126+00:00 DEBUG 'ansible_navigator.main' Completed post processing for settings_schema. (changed=False)
2024-12-17T00:43:41.701145+00:00 DEBUG 'ansible_navigator.main' Completed post processing for settings_sources. (changed=False)
2024-12-17T00:43:41.701165+00:00 DEBUG 'ansible_navigator.main' Completed post processing for time_zone. (changed=False)
2024-12-17T00:43:41.701184+00:00 DEBUG 'ansible_navigator.main' Completed post processing for execution_environment_volume_mounts. (changed=False)
2024-12-17T00:43:41.701203+00:00 DEBUG 'ansible_navigator.main' Completed post processing for mode. (changed=False)
2024-12-17T00:43:41.701229+00:00 WARNING 'ansible_navigator.main' Configuration errors encountered, rolling back to previous configuration.
2024-12-17T00:43:41.701249+00:00 DEBUG 'ansible_navigator.main' Prior to rollback: ansible_runner_artifact_dir = 'Not set' (Constants/Not set)
2024-12-17T00:43:41.701268+00:00 DEBUG 'ansible_navigator.main' Prior to rollback: ansible_runner_rotate_artifacts_count = 'Not set' (Constants/Not set)
2024-12-17T00:43:41.701288+00:00 DEBUG 'ansible_navigator.main' Prior to rollback: ansible_runner_timeout = 'Not set' (Constants/Not set)
2024-12-17T00:43:41.701306+00:00 DEBUG 'ansible_navigator.main' Prior to rollback: app = 'run' (str/Command line)
2024-12-17T00:43:41.701325+00:00 DEBUG 'ansible_navigator.main' Prior to rollback: cmdline = '['--syntax-check']' (list/Command line)
2024-12-17T00:43:41.701344+00:00 DEBUG 'ansible_navigator.main' Prior to rollback: collection_doc_cache_path = '/home/student/.cache/ansible-navigator/collection_doc_cache.db' (str/Defaults)
2024-12-17T00:43:41.701364+00:00 DEBUG 'ansible_navigator.main' Prior to rollback: config = 'Not set' (Constants/Not set)
2024-12-17T00:43:41.701393+00:00 DEBUG 'ansible_navigator.main' Prior to rollback: container_engine = 'podman' (str/Automatically determined)
2024-12-17T00:43:41.701413+00:00 DEBUG 'ansible_navigator.main' Prior to rollback: container_options = 'Not set' (Constants/Not set)
2024-12-17T00:43:41.701432+00:00 DEBUG 'ansible_navigator.main' Prior to rollback: display_color = 'True' (bool/Defaults)
2024-12-17T00:43:41.701451+00:00 DEBUG 'ansible_navigator.main' Prior to rollback: editor_command = '/usr/bin/vim {filename}' (str/Defaults)
2024-12-17T00:43:41.701470+00:00 DEBUG 'ansible_navigator.main' Prior to rollback: editor_console = 'True' (bool/Defaults)
2024-12-17T00:43:41.701489+00:00 DEBUG 'ansible_navigator.main' Prior to rollback: exec_command = '/bin/bash' (str/Defaults)
2024-12-17T00:43:41.701508+00:00 DEBUG 'ansible_navigator.main' Prior to rollback: exec_shell = 'True' (bool/Defaults)
2024-12-17T00:43:41.701527+00:00 DEBUG 'ansible_navigator.main' Prior to rollback: execution_environment = 'True' (bool/Defaults)
2024-12-17T00:43:41.701546+00:00 DEBUG 'ansible_navigator.main' Prior to rollback: execution_environment_image = 'utility.lab.example.com/ee-supported-rhel8:latest' (str/Settings file)
2024-12-17T00:43:41.701566+00:00 DEBUG 'ansible_navigator.main' Prior to rollback: execution_environment_volume_mounts = 'Not set' (Constants/Not set)
2024-12-17T00:43:41.701585+00:00 DEBUG 'ansible_navigator.main' Prior to rollback: help_builder = 'False' (bool/Defaults)
2024-12-17T00:43:41.701604+00:00 DEBUG 'ansible_navigator.main' Prior to rollback: help_config = 'False' (bool/Defaults)
2024-12-17T00:43:41.701646+00:00 DEBUG 'ansible_navigator.main' Prior to rollback: help_doc = 'False' (bool/Defaults)
2024-12-17T00:43:41.701666+00:00 DEBUG 'ansible_navigator.main' Prior to rollback: help_inventory = 'False' (bool/Defaults)
2024-12-17T00:43:41.701685+00:00 DEBUG 'ansible_navigator.main' Prior to rollback: help_playbook = 'False' (bool/Defaults)
2024-12-17T00:43:41.701704+00:00 DEBUG 'ansible_navigator.main' Prior to rollback: images_details = '['everything']' (list/Defaults)
2024-12-17T00:43:41.701723+00:00 DEBUG 'ansible_navigator.main' Prior to rollback: inventory = '['/home/student/role-create/inventory']' (list/Ansible configuration file)
2024-12-17T00:43:41.701742+00:00 DEBUG 'ansible_navigator.main' Prior to rollback: inventory_column = 'Not set' (Constants/Not set)
2024-12-17T00:43:41.701761+00:00 DEBUG 'ansible_navigator.main' Prior to rollback: lint_config = 'Not set' (Constants/Not set)
2024-12-17T00:43:41.701780+00:00 DEBUG 'ansible_navigator.main' Prior to rollback: lintables = 'Not set' (Constants/Not set)
2024-12-17T00:43:41.701799+00:00 DEBUG 'ansible_navigator.main' Prior to rollback: log_append = 'True' (bool/Defaults)
2024-12-17T00:43:41.701818+00:00 DEBUG 'ansible_navigator.main' Prior to rollback: log_file = '/home/student/role-create/ansible-navigator.log' (str/Defaults)
2024-12-17T00:43:41.701837+00:00 DEBUG 'ansible_navigator.main' Prior to rollback: log_level = 'warning' (str/Defaults)
2024-12-17T00:43:41.701856+00:00 DEBUG 'ansible_navigator.main' Prior to rollback: mode = 'stdout' (str/Command line)
2024-12-17T00:43:41.701875+00:00 DEBUG 'ansible_navigator.main' Prior to rollback: osc4 = 'True' (bool/Defaults)
2024-12-17T00:43:41.701894+00:00 DEBUG 'ansible_navigator.main' Prior to rollback: pass_environment_variable = 'Not set' (Constants/Not set)
2024-12-17T00:43:41.701913+00:00 DEBUG 'ansible_navigator.main' Prior to rollback: playbook = 'Not set' (Constants/Not set)
2024-12-17T00:43:41.701939+00:00 DEBUG 'ansible_navigator.main' Prior to rollback: playbook_artifact_enable = 'True' (bool/Defaults)
2024-12-17T00:43:41.701958+00:00 DEBUG 'ansible_navigator.main' Prior to rollback: playbook_artifact_replay = 'Not set' (Constants/Not set)
2024-12-17T00:43:41.701977+00:00 DEBUG 'ansible_navigator.main' Prior to rollback: playbook_artifact_save_as = '{playbook_dir}/{playbook_name}-artifact-{time_stamp}.json' (str/Defaults)
2024-12-17T00:43:41.701997+00:00 DEBUG 'ansible_navigator.main' Prior to rollback: plugin_name = 'Not set' (Constants/Not set)
2024-12-17T00:43:41.702019+00:00 DEBUG 'ansible_navigator.main' Prior to rollback: plugin_type = 'module' (str/Defaults)
2024-12-17T00:43:41.702039+00:00 DEBUG 'ansible_navigator.main' Prior to rollback: pull_arguments = 'Not set' (Constants/Not set)
2024-12-17T00:43:41.702057+00:00 DEBUG 'ansible_navigator.main' Prior to rollback: pull_policy = 'missing' (str/Settings file)
2024-12-17T00:43:41.702077+00:00 DEBUG 'ansible_navigator.main' Prior to rollback: set_environment_variable = 'Not set' (Constants/Not set)
2024-12-17T00:43:41.702096+00:00 DEBUG 'ansible_navigator.main' Prior to rollback: settings_effective = 'False' (bool/Defaults)
2024-12-17T00:43:41.702115+00:00 DEBUG 'ansible_navigator.main' Prior to rollback: settings_sample = 'False' (bool/Defaults)
2024-12-17T00:43:41.702134+00:00 DEBUG 'ansible_navigator.main' Prior to rollback: settings_schema = 'json' (str/Defaults)
2024-12-17T00:43:41.702153+00:00 DEBUG 'ansible_navigator.main' Prior to rollback: settings_sources = 'False' (bool/Defaults)
2024-12-17T00:43:41.702172+00:00 DEBUG 'ansible_navigator.main' Prior to rollback: time_zone = 'UTC' (str/Defaults)
2024-12-17T00:43:41.702191+00:00 DEBUG 'ansible_navigator.main' Prior to rollback: workdir = '/home/student/role-create' (str/Defaults)
2024-12-17T00:43:41.702210+00:00 DEBUG 'ansible_navigator.main' After rollback: ansible_runner_artifact_dir = 'Not set' (Constants/Not set)
2024-12-17T00:43:41.702230+00:00 DEBUG 'ansible_navigator.main' After rollback: ansible_runner_rotate_artifacts_count = 'Not set' (Constants/Not set)
2024-12-17T00:43:41.702249+00:00 DEBUG 'ansible_navigator.main' After rollback: ansible_runner_timeout = 'Not set' (Constants/Not set)
2024-12-17T00:43:41.702268+00:00 DEBUG 'ansible_navigator.main' After rollback: app = 'Not set' (Constants/Not set)
2024-12-17T00:43:41.702287+00:00 DEBUG 'ansible_navigator.main' After rollback: cmdline = 'Not set' (Constants/Not set)
2024-12-17T00:43:41.702307+00:00 DEBUG 'ansible_navigator.main' After rollback: collection_doc_cache_path = 'Not set' (Constants/Not set)
2024-12-17T00:43:41.702326+00:00 DEBUG 'ansible_navigator.main' After rollback: config = 'Not set' (Constants/Not set)
2024-12-17T00:43:41.702345+00:00 DEBUG 'ansible_navigator.main' After rollback: container_engine = 'Not set' (Constants/Not set)
2024-12-17T00:43:41.702364+00:00 DEBUG 'ansible_navigator.main' After rollback: container_options = 'Not set' (Constants/Not set)
2024-12-17T00:43:41.702383+00:00 DEBUG 'ansible_navigator.main' After rollback: display_color = 'Not set' (Constants/Not set)
2024-12-17T00:43:41.702402+00:00 DEBUG 'ansible_navigator.main' After rollback: editor_command = 'Not set' (Constants/Not set)
2024-12-17T00:43:41.702421+00:00 DEBUG 'ansible_navigator.main' After rollback: editor_console = 'Not set' (Constants/Not set)
2024-12-17T00:43:41.702440+00:00 DEBUG 'ansible_navigator.main' After rollback: exec_command = 'Not set' (Constants/Not set)
2024-12-17T00:43:41.702459+00:00 DEBUG 'ansible_navigator.main' After rollback: exec_shell = 'Not set' (Constants/Not set)
2024-12-17T00:43:41.702478+00:00 DEBUG 'ansible_navigator.main' After rollback: execution_environment = 'Not set' (Constants/Not set)
2024-12-17T00:43:41.702497+00:00 DEBUG 'ansible_navigator.main' After rollback: execution_environment_image = 'Not set' (Constants/Not set)
2024-12-17T00:43:41.702516+00:00 DEBUG 'ansible_navigator.main' After rollback: execution_environment_volume_mounts = 'Not set' (Constants/Not set)
2024-12-17T00:43:41.702535+00:00 DEBUG 'ansible_navigator.main' After rollback: help_builder = 'Not set' (Constants/Not set)
2024-12-17T00:43:41.702554+00:00 DEBUG 'ansible_navigator.main' After rollback: help_config = 'Not set' (Constants/Not set)
2024-12-17T00:43:41.702573+00:00 DEBUG 'ansible_navigator.main' After rollback: help_doc = 'Not set' (Constants/Not set)
2024-12-17T00:43:41.702592+00:00 DEBUG 'ansible_navigator.main' After rollback: help_inventory = 'Not set' (Constants/Not set)
2024-12-17T00:43:41.702626+00:00 DEBUG 'ansible_navigator.main' After rollback: help_playbook = 'Not set' (Constants/Not set)
2024-12-17T00:43:41.702649+00:00 DEBUG 'ansible_navigator.main' After rollback: images_details = 'Not set' (Constants/Not set)
2024-12-17T00:43:41.702668+00:00 DEBUG 'ansible_navigator.main' After rollback: inventory = 'Not set' (Constants/Not set)
2024-12-17T00:43:41.702687+00:00 DEBUG 'ansible_navigator.main' After rollback: inventory_column = 'Not set' (Constants/Not set)
2024-12-17T00:43:41.702706+00:00 DEBUG 'ansible_navigator.main' After rollback: lint_config = 'Not set' (Constants/Not set)
2024-12-17T00:43:41.702724+00:00 DEBUG 'ansible_navigator.main' After rollback: lintables = 'Not set' (Constants/Not set)
2024-12-17T00:43:41.702743+00:00 DEBUG 'ansible_navigator.main' After rollback: log_append = 'Not set' (Constants/Not set)
2024-12-17T00:43:41.702762+00:00 DEBUG 'ansible_navigator.main' After rollback: log_file = 'Not set' (Constants/Not set)
2024-12-17T00:43:41.702781+00:00 DEBUG 'ansible_navigator.main' After rollback: log_level = 'Not set' (Constants/Not set)
2024-12-17T00:43:41.702800+00:00 DEBUG 'ansible_navigator.main' After rollback: mode = 'Not set' (Constants/Not set)
2024-12-17T00:43:41.702819+00:00 DEBUG 'ansible_navigator.main' After rollback: osc4 = 'Not set' (Constants/Not set)
2024-12-17T00:43:41.702838+00:00 DEBUG 'ansible_navigator.main' After rollback: pass_environment_variable = 'Not set' (Constants/Not set)
2024-12-17T00:43:41.702857+00:00 DEBUG 'ansible_navigator.main' After rollback: playbook = 'Not set' (Constants/Not set)
2024-12-17T00:43:41.702876+00:00 DEBUG 'ansible_navigator.main' After rollback: playbook_artifact_enable = 'Not set' (Constants/Not set)
2024-12-17T00:43:41.702895+00:00 DEBUG 'ansible_navigator.main' After rollback: playbook_artifact_replay = 'Not set' (Constants/Not set)
2024-12-17T00:43:41.702914+00:00 DEBUG 'ansible_navigator.main' After rollback: playbook_artifact_save_as = 'Not set' (Constants/Not set)
2024-12-17T00:43:41.702941+00:00 DEBUG 'ansible_navigator.main' After rollback: plugin_name = 'Not set' (Constants/Not set)
2024-12-17T00:43:41.702960+00:00 DEBUG 'ansible_navigator.main' After rollback: plugin_type = 'Not set' (Constants/Not set)
2024-12-17T00:43:41.702980+00:00 DEBUG 'ansible_navigator.main' After rollback: pull_arguments = 'Not set' (Constants/Not set)
2024-12-17T00:43:41.703000+00:00 DEBUG 'ansible_navigator.main' After rollback: pull_policy = 'Not set' (Constants/Not set)
2024-12-17T00:43:41.703019+00:00 DEBUG 'ansible_navigator.main' After rollback: set_environment_variable = 'Not set' (Constants/Not set)
2024-12-17T00:43:41.703038+00:00 DEBUG 'ansible_navigator.main' After rollback: settings_effective = 'Not set' (Constants/Not set)
2024-12-17T00:43:41.703057+00:00 DEBUG 'ansible_navigator.main' After rollback: settings_sample = 'Not set' (Constants/Not set)
2024-12-17T00:43:41.703076+00:00 DEBUG 'ansible_navigator.main' After rollback: settings_schema = 'Not set' (Constants/Not set)
2024-12-17T00:43:41.703095+00:00 DEBUG 'ansible_navigator.main' After rollback: settings_sources = 'Not set' (Constants/Not set)
2024-12-17T00:43:41.703115+00:00 DEBUG 'ansible_navigator.main' After rollback: time_zone = 'Not set' (Constants/Not set)
2024-12-17T00:43:41.703133+00:00 DEBUG 'ansible_navigator.main' After rollback: workdir = 'Not set' (Constants/Not set)
2024-12-17T00:43:41.703153+00:00 DEBUG 'ansible_navigator.main' Configuration rollback complete.
2024-12-17T00:43:41.703172+00:00 DEBUG 'ansible_navigator.main' Collection doc cache not mounted
2024-12-17T00:43:41.703207+00:00 WARNING 'ansible_navigator.main' Issues were found while applying the settings.
2024-12-17T00:43:41.703230+00:00 INFO 'ansible_navigator.main' Command provided: 'run -m stdout --syntax-check'
2024-12-17T00:43:41.703256+00:00 ERROR 'ansible_navigator.main' A playbook is required when using the run subcommand
2024-12-17T00:43:41.703279+00:00 INFO 'ansible_navigator.main' Try again with 'run <playbook name>'
2024-12-17T00:43:41.703301+00:00 INFO 'ansible_navigator.main' Configuration failed, using default log file location. (/home/student/role-create/ansible-navigator.log) Log level set to debug
2024-12-17T00:43:41.703331+00:00 INFO 'ansible_navigator.main' Review the hints and log file to see what went wrong.
2024-12-17T00:43:49.772665+00:00 CRITICAL 'ansible_navigator.actions.run_playbook._handle_message' Unhandled message from runner queue, discarded: {'event': 'verbose', 'uuid': 'dcbaabf8-ec29-4474-955b-dfe1e00dbb6a', 'counter': 1, 'stdout': '', 'start_line': 0, 'end_line': 1, 'runner_ident': '1023006c-5559-438d-a5d2-b4380e85df35', 'created': '2024-12-17T00:43:49.769205'}
2024-12-17T00:43:49.773671+00:00 CRITICAL 'ansible_navigator.actions.run_playbook._handle_message' Unhandled message from runner queue, discarded: {'event': 'verbose', 'uuid': '89276356-d1bb-4239-b869-ad0e9a8da355', 'counter': 2, 'stdout': 'playbook: /home/student/role-create/use-vhost-role.yml', 'start_line': 1, 'end_line': 2, 'runner_ident': '1023006c-5559-438d-a5d2-b4380e85df35', 'created': '2024-12-17T00:43:49.769656'}
