2024-12-16T23:16:46.500792+00:00 INFO 'ansible_navigator.setup_logger' New ansible-navigator instance, logging initialized
2024-12-16T23:16:46.501180+00:00 INFO 'ansible_navigator.setup_logger' New ansible-runner instance, logging initialized
2024-12-16T23:16:46.501232+00:00 DEBUG 'ansible_navigator.main' ansible-builder==1.1.0 /usr/lib/python3.9/site-packages
2024-12-16T23:16:46.501269+00:00 DEBUG 'ansible_navigator.main' ansible-core==2.13.0 /usr/lib/python3.9/site-packages
2024-12-16T23:16:46.501293+00:00 DEBUG 'ansible_navigator.main' ansible-navigator==2.1.0 /usr/lib/python3.9/site-packages
2024-12-16T23:16:46.501315+00:00 DEBUG 'ansible_navigator.main' ansible-runner==2.2.0 /usr/lib/python3.9/site-packages
2024-12-16T23:16:46.501335+00:00 DEBUG 'ansible_navigator.main' attrs==21.4.0 /usr/lib/python3.9/site-packages
2024-12-16T23:16:46.501355+00:00 DEBUG 'ansible_navigator.main' babel==2.9.1 /usr/lib/python3.9/site-packages
2024-12-16T23:16:46.501375+00:00 DEBUG 'ansible_navigator.main' bindep==2.10.2 /usr/lib/python3.9/site-packages
2024-12-16T23:16:46.501395+00:00 DEBUG 'ansible_navigator.main' brlapi==0.8.2 /usr/lib64/python3.9/site-packages
2024-12-16T23:16:46.501415+00:00 DEBUG 'ansible_navigator.main' certifi==2020.6.20 /usr/lib/python3.9/site-packages
2024-12-16T23:16:46.501435+00:00 DEBUG 'ansible_navigator.main' cffi==1.15.0 /usr/lib64/python3.9/site-packages
2024-12-16T23:16:46.501455+00:00 DEBUG 'ansible_navigator.main' chardet==4.0.0 /usr/lib/python3.9/site-packages
2024-12-16T23:16:46.501475+00:00 DEBUG 'ansible_navigator.main' charset-normalizer==2.0.11 /usr/lib/python3.9/site-packages
2024-12-16T23:16:46.501495+00:00 DEBUG 'ansible_navigator.main' chrome-gnome-shell==0.0.0 /usr/lib/python3.9/site-packages
2024-12-16T23:16:46.501515+00:00 DEBUG 'ansible_navigator.main' cloud-init==21.1 /usr/lib/python3.9/site-packages
2024-12-16T23:16:46.501534+00:00 DEBUG 'ansible_navigator.main' configobj==5.0.6 /usr/lib/python3.9/site-packages
2024-12-16T23:16:46.501554+00:00 DEBUG 'ansible_navigator.main' cryptography==36.0.1 /usr/lib64/python3.9/site-packages
2024-12-16T23:16:46.501574+00:00 DEBUG 'ansible_navigator.main' cupshelpers==1.0 /usr/lib/python3.9/site-packages
2024-12-16T23:16:46.501594+00:00 DEBUG 'ansible_navigator.main' dasbus==1.4 /usr/lib/python3.9/site-packages
2024-12-16T23:16:46.501623+00:00 DEBUG 'ansible_navigator.main' dbus-python==1.2.18 /usr/lib64/python3.9/site-packages
2024-12-16T23:16:46.501647+00:00 DEBUG 'ansible_navigator.main' decorator==4.4.2 /usr/lib/python3.9/site-packages
2024-12-16T23:16:46.501667+00:00 DEBUG 'ansible_navigator.main' distlib==0.3.4 /usr/local/lib/python3.9/site-packages
2024-12-16T23:16:46.501688+00:00 DEBUG 'ansible_navigator.main' distro==1.6.0 /usr/lib/python3.9/site-packages
2024-12-16T23:16:46.501708+00:00 DEBUG 'ansible_navigator.main' docutils==0.16 /usr/lib/python3.9/site-packages
2024-12-16T23:16:46.501728+00:00 DEBUG 'ansible_navigator.main' ethtool==0.15 /usr/lib64/python3.9/site-packages
2024-12-16T23:16:46.501748+00:00 DEBUG 'ansible_navigator.main' file-magic==0.4.0 /usr/lib/python3.9/site-packages
2024-12-16T23:16:46.501768+00:00 DEBUG 'ansible_navigator.main' filelock==3.7.0 /usr/local/lib/python3.9/site-packages
2024-12-16T23:16:46.501788+00:00 DEBUG 'ansible_navigator.main' gpg==1.15.1 /usr/lib64/python3.9/site-packages
2024-12-16T23:16:46.501822+00:00 DEBUG 'ansible_navigator.main' idna==3.3 /usr/lib/python3.9/site-packages
2024-12-16T23:16:46.501847+00:00 DEBUG 'ansible_navigator.main' iniparse==0.4 /usr/lib/python3.9/site-packages
2024-12-16T23:16:46.501867+00:00 DEBUG 'ansible_navigator.main' jinja2==3.0.3 /usr/lib/python3.9/site-packages
2024-12-16T23:16:46.501887+00:00 DEBUG 'ansible_navigator.main' jsonpatch==1.21 /usr/lib/python3.9/site-packages
2024-12-16T23:16:46.501906+00:00 DEBUG 'ansible_navigator.main' jsonpointer==2.0 /usr/lib/python3.9/site-packages
2024-12-16T23:16:46.501926+00:00 DEBUG 'ansible_navigator.main' jsonschema==3.2.0 /usr/lib/python3.9/site-packages
2024-12-16T23:16:46.501945+00:00 DEBUG 'ansible_navigator.main' libcomps==0.1.18 /usr/lib64/python3.9/site-packages
2024-12-16T23:16:46.501979+00:00 DEBUG 'ansible_navigator.main' lockfile==0.12.2 /usr/lib/python3.9/site-packages
2024-12-16T23:16:46.502001+00:00 DEBUG 'ansible_navigator.main' lxml==4.6.5 /usr/lib64/python3.9/site-packages
2024-12-16T23:16:46.502020+00:00 DEBUG 'ansible_navigator.main' markupsafe==2.1.0 /usr/lib64/python3.9/site-packages
2024-12-16T23:16:46.502040+00:00 DEBUG 'ansible_navigator.main' netifaces==0.10.6 /usr/lib64/python3.9/site-packages
2024-12-16T23:16:46.502059+00:00 DEBUG 'ansible_navigator.main' nftables==0.1 /usr/lib/python3.9/site-packages
2024-12-16T23:16:46.502078+00:00 DEBUG 'ansible_navigator.main' oauthlib==3.1.1 /usr/lib/python3.9/site-packages
2024-12-16T23:16:46.502098+00:00 DEBUG 'ansible_navigator.main' onigurumacffi==1.1.0 /usr/lib64/python3.9/site-packages
2024-12-16T23:16:46.502118+00:00 DEBUG 'ansible_navigator.main' packaging==21.2 /usr/lib/python3.9/site-packages
2024-12-16T23:16:46.502137+00:00 DEBUG 'ansible_navigator.main' parsley==1.3 /usr/lib/python3.9/site-packages
2024-12-16T23:16:46.502157+00:00 DEBUG 'ansible_navigator.main' pathspec==0.12.1 /home/student/.local/lib/python3.9/site-packages
2024-12-16T23:16:46.502177+00:00 DEBUG 'ansible_navigator.main' pbr==5.8.1 /usr/lib/python3.9/site-packages
2024-12-16T23:16:46.502196+00:00 DEBUG 'ansible_navigator.main' perf==0.1 /usr/lib64/python3.9/site-packages
2024-12-16T23:16:46.502215+00:00 DEBUG 'ansible_navigator.main' pexpect==4.8.0 /usr/lib/python3.9/site-packages
2024-12-16T23:16:46.502234+00:00 DEBUG 'ansible_navigator.main' pip==21.2.3 /usr/lib/python3.9/site-packages
2024-12-16T23:16:46.502260+00:00 DEBUG 'ansible_navigator.main' platformdirs==2.5.2 /usr/local/lib/python3.9/site-packages
2024-12-16T23:16:46.502285+00:00 DEBUG 'ansible_navigator.main' prettytable==0.7.2 /usr/lib/python3.9/site-packages
2024-12-16T23:16:46.502305+00:00 DEBUG 'ansible_navigator.main' psutil==5.8.0 /usr/lib64/python3.9/site-packages
2024-12-16T23:16:46.502324+00:00 DEBUG 'ansible_navigator.main' ptyprocess==0.6.0 /usr/lib/python3.9/site-packages
2024-12-16T23:16:46.502343+00:00 DEBUG 'ansible_navigator.main' pycairo==1.20.0 /usr/lib64/python3.9/site-packages
2024-12-16T23:16:46.502363+00:00 DEBUG 'ansible_navigator.main' pycparser==2.21 /usr/lib/python3.9/site-packages
2024-12-16T23:16:46.502383+00:00 DEBUG 'ansible_navigator.main' pycups==2.0.1 /usr/lib64/python3.9/site-packages
2024-12-16T23:16:46.502402+00:00 DEBUG 'ansible_navigator.main' pycurl==7.43.0.6 /usr/lib64/python3.9/site-packages
2024-12-16T23:16:46.502421+00:00 DEBUG 'ansible_navigator.main' pyenchant==3.2.0 /usr/lib/python3.9/site-packages
2024-12-16T23:16:46.502441+00:00 DEBUG 'ansible_navigator.main' pygobject==3.40.1 /usr/lib64/python3.9/site-packages
2024-12-16T23:16:46.502460+00:00 DEBUG 'ansible_navigator.main' pyinotify==0.9.6 /usr/lib/python3.9/site-packages
2024-12-16T23:16:46.502479+00:00 DEBUG 'ansible_navigator.main' pyopenssl==19.1.0 /usr/lib/python3.9/site-packages
2024-12-16T23:16:46.502498+00:00 DEBUG 'ansible_navigator.main' pyparsing==2.4.7 /usr/lib/python3.9/site-packages
2024-12-16T23:16:46.502518+00:00 DEBUG 'ansible_navigator.main' pyrsistent==0.17.3 /usr/lib64/python3.9/site-packages
2024-12-16T23:16:46.502537+00:00 DEBUG 'ansible_navigator.main' pyserial==3.4 /usr/lib/python3.9/site-packages
2024-12-16T23:16:46.502556+00:00 DEBUG 'ansible_navigator.main' pysocks==1.7.1 /usr/lib/python3.9/site-packages
2024-12-16T23:16:46.502576+00:00 DEBUG 'ansible_navigator.main' python-daemon==2.3.0 /usr/lib/python3.9/site-packages
2024-12-16T23:16:46.502595+00:00 DEBUG 'ansible_navigator.main' python-dateutil==2.8.1 /usr/lib/python3.9/site-packages
2024-12-16T23:16:46.502626+00:00 DEBUG 'ansible_navigator.main' python-dmidecode==3.12.2 /usr/lib64/python3.9/site-packages
2024-12-16T23:16:46.502647+00:00 DEBUG 'ansible_navigator.main' python-linux-procfs==0.7.0 /usr/lib/python3.9/site-packages
2024-12-16T23:16:46.502670+00:00 DEBUG 'ansible_navigator.main' pytz==2021.3 /usr/lib/python3.9/site-packages
2024-12-16T23:16:46.502690+00:00 DEBUG 'ansible_navigator.main' pyudev==0.22.0 /usr/lib/python3.9/site-packages
2024-12-16T23:16:46.502714+00:00 DEBUG 'ansible_navigator.main' pyxdg==0.27 /usr/lib/python3.9/site-packages
2024-12-16T23:16:46.502733+00:00 DEBUG 'ansible_navigator.main' pyyaml==5.4.1 /usr/lib64/python3.9/site-packages
2024-12-16T23:16:46.502753+00:00 DEBUG 'ansible_navigator.main' requests==2.27.1 /usr/lib/python3.9/site-packages
2024-12-16T23:16:46.502773+00:00 DEBUG 'ansible_navigator.main' requirements-parser==0.2.0 /usr/lib/python3.9/site-packages
2024-12-16T23:16:46.502792+00:00 DEBUG 'ansible_navigator.main' resolvelib==0.5.4 /usr/lib/python3.9/site-packages
2024-12-16T23:16:46.502823+00:00 DEBUG 'ansible_navigator.main' rpm==4.16.1.3 /usr/lib64/python3.9/site-packages
2024-12-16T23:16:46.502843+00:00 DEBUG 'ansible_navigator.main' selinux==3.3 /usr/lib64/python3.9/site-packages
2024-12-16T23:16:46.502863+00:00 DEBUG 'ansible_navigator.main' sepolicy==3.3 /usr/lib/python3.9/site-packages
2024-12-16T23:16:46.502882+00:00 DEBUG 'ansible_navigator.main' setools==4.4.0 /usr/lib64/python3.9/site-packages
2024-12-16T23:16:46.502902+00:00 DEBUG 'ansible_navigator.main' setroubleshoot==1.1 /usr/lib/python3.9/site-packages
2024-12-16T23:16:46.502922+00:00 DEBUG 'ansible_navigator.main' setuptools==53.0.0 /usr/lib/python3.9/site-packages
2024-12-16T23:16:46.502942+00:00 DEBUG 'ansible_navigator.main' six==1.16.0 /usr/lib/python3.9/site-packages
2024-12-16T23:16:46.502961+00:00 DEBUG 'ansible_navigator.main' sos==4.2 /usr/lib/python3.9/site-packages
2024-12-16T23:16:46.502981+00:00 DEBUG 'ansible_navigator.main' subscription-manager==1.29.26 /usr/lib64/python3.9/site-packages
2024-12-16T23:16:46.503001+00:00 DEBUG 'ansible_navigator.main' systemd-python==234 /usr/lib64/python3.9/site-packages
2024-12-16T23:16:46.503021+00:00 DEBUG 'ansible_navigator.main' urllib3==1.26.8 /usr/lib/python3.9/site-packages
2024-12-16T23:16:46.503040+00:00 DEBUG 'ansible_navigator.main' virtualenv==20.14.1 /usr/local/lib/python3.9/site-packages
2024-12-16T23:16:46.503060+00:00 DEBUG 'ansible_navigator.main' yamllint==1.35.1 /home/student/.local/lib/python3.9/site-packages
2024-12-16T23:16:46.503080+00:00 DEBUG 'ansible_navigator.main' Share directory '/usr/lib/python3.9/share/ansible_navigator' not found (development path)
2024-12-16T23:16:46.503100+00:00 DEBUG 'ansible_navigator.main' Share directory '/home/student/.local/share/ansible_navigator' not found (userbase)
2024-12-16T23:16:46.503120+00:00 DEBUG 'ansible_navigator.main' Share directory '/usr/share/ansible_navigator' found (sys.prefix)
2024-12-16T23:16:46.503139+00:00 DEBUG 'ansible_navigator.main' Default collection_doc_cache_path set to: /home/student/.cache/ansible-navigator/collection_doc_cache.db
2024-12-16T23:16:46.503159+00:00 DEBUG 'ansible_navigator.main' EDITOR environment variable set as '/usr/bin/vim'
2024-12-16T23:16:46.503179+00:00 DEBUG 'ansible_navigator.main' Default editor_command set to: /usr/bin/vim {filename}
2024-12-16T23:16:46.503198+00:00 DEBUG 'ansible_navigator.main' No config file set by ANSIBLE_NAVIGATOR_CONFIG
2024-12-16T23:16:46.503218+00:00 DEBUG 'ansible_navigator.main' Looking in /home/student
2024-12-16T23:16:46.503238+00:00 DEBUG 'ansible_navigator.main' Looking for '/home/student/.ansible-navigator.yml', '/home/student/.ansible-navigator.yaml' and '/home/student/.ansible-navigator.json'
2024-12-16T23:16:46.503259+00:00 DEBUG 'ansible_navigator.main' Found 1: '/home/student/.ansible-navigator.yml'
2024-12-16T23:16:46.503287+00:00 DEBUG 'ansible_navigator.main' Looking in /home/student/projects-review
2024-12-16T23:16:46.503308+00:00 DEBUG 'ansible_navigator.main' Looking for '/home/student/projects-review/ansible-navigator.yml', '/home/student/projects-review/ansible-navigator.yaml' and '/home/student/projects-review/ansible-navigator.json'
2024-12-16T23:16:46.503328+00:00 DEBUG 'ansible_navigator.main' Found 0: 
2024-12-16T23:16:46.503348+00:00 DEBUG 'ansible_navigator.main' All found 1: '/home/student/.ansible-navigator.yml'
2024-12-16T23:16:46.503368+00:00 DEBUG 'ansible_navigator.main' Using: /home/student/.ansible-navigator.yml
2024-12-16T23:16:46.503394+00:00 DEBUG 'ansible_navigator.main' Using settings file at /home/student/.ansible-navigator.yml in search path
2024-12-16T23:16:46.503414+00:00 DEBUG 'ansible_navigator.main' Command provided: 'run -m stdout --syntax-check'
2024-12-16T23:16:46.503433+00:00 DEBUG 'ansible_navigator.main' ansible-navigator.ansible-runner.artifact-dir not found in settings file
2024-12-16T23:16:46.503453+00:00 DEBUG 'ansible_navigator.main' ansible-navigator.ansible-runner.rotate-artifacts-count not found in settings file
2024-12-16T23:16:46.503473+00:00 DEBUG 'ansible_navigator.main' ansible-navigator.ansible-runner.timeout not found in settings file
2024-12-16T23:16:46.503492+00:00 DEBUG 'ansible_navigator.main' ansible-navigator.app not found in settings file
2024-12-16T23:16:46.503512+00:00 DEBUG 'ansible_navigator.main' ansible-navigator.ansible.cmdline not found in settings file
2024-12-16T23:16:46.503532+00:00 DEBUG 'ansible_navigator.main' ansible-navigator.collection-doc-cache-path not found in settings file
2024-12-16T23:16:46.503552+00:00 DEBUG 'ansible_navigator.main' ansible-navigator.ansible.config.path not found in settings file
2024-12-16T23:16:46.503572+00:00 DEBUG 'ansible_navigator.main' ansible-navigator.execution-environment.container-engine not found in settings file
2024-12-16T23:16:46.503591+00:00 DEBUG 'ansible_navigator.main' ansible-navigator.execution-environment.container-options not found in settings file
2024-12-16T23:16:46.503657+00:00 DEBUG 'ansible_navigator.main' ansible-navigator.color.enable not found in settings file
2024-12-16T23:16:46.503681+00:00 DEBUG 'ansible_navigator.main' ansible-navigator.editor.command not found in settings file
2024-12-16T23:16:46.503701+00:00 DEBUG 'ansible_navigator.main' ansible-navigator.editor.console not found in settings file
2024-12-16T23:16:46.503721+00:00 DEBUG 'ansible_navigator.main' ansible-navigator.exec.command not found in settings file
2024-12-16T23:16:46.503741+00:00 DEBUG 'ansible_navigator.main' ansible-navigator.exec.shell not found in settings file
2024-12-16T23:16:46.503761+00:00 DEBUG 'ansible_navigator.main' ansible-navigator.execution-environment.enabled not found in settings file
2024-12-16T23:16:46.503780+00:00 DEBUG 'ansible_navigator.main' ansible-navigator.execution-environment.volume-mounts not found in settings file
2024-12-16T23:16:46.503800+00:00 DEBUG 'ansible_navigator.main' ansible-navigator.ansible-builder.help not found in settings file
2024-12-16T23:16:46.503829+00:00 DEBUG 'ansible_navigator.main' ansible-navigator.ansible.config.help not found in settings file
2024-12-16T23:16:46.503849+00:00 DEBUG 'ansible_navigator.main' ansible-navigator.ansible.doc.help not found in settings file
2024-12-16T23:16:46.503869+00:00 DEBUG 'ansible_navigator.main' ansible-navigator.ansible.inventory.help not found in settings file
2024-12-16T23:16:46.503888+00:00 DEBUG 'ansible_navigator.main' ansible-navigator.ansible.playbook.help not found in settings file
2024-12-16T23:16:46.503908+00:00 DEBUG 'ansible_navigator.main' ansible-navigator.images.details not found in settings file
2024-12-16T23:16:46.503927+00:00 DEBUG 'ansible_navigator.main' ansible-navigator.ansible.inventory.entries not found in settings file
2024-12-16T23:16:46.503947+00:00 DEBUG 'ansible_navigator.main' ansible-navigator.inventory-columns not found in settings file
2024-12-16T23:16:46.503967+00:00 DEBUG 'ansible_navigator.main' ansible-navigator.ansible-lint.config not found in settings file
2024-12-16T23:16:46.503986+00:00 DEBUG 'ansible_navigator.main' ansible-navigator.ansible-lint.lintables not found in settings file
2024-12-16T23:16:46.504006+00:00 DEBUG 'ansible_navigator.main' ansible-navigator.logging.append not found in settings file
2024-12-16T23:16:46.504025+00:00 DEBUG 'ansible_navigator.main' ansible-navigator.logging.file not found in settings file
2024-12-16T23:16:46.504044+00:00 DEBUG 'ansible_navigator.main' ansible-navigator.logging.level not found in settings file
2024-12-16T23:16:46.504072+00:00 DEBUG 'ansible_navigator.main' ansible-navigator.mode not found in settings file
2024-12-16T23:16:46.504093+00:00 DEBUG 'ansible_navigator.main' ansible-navigator.color.osc4 not found in settings file
2024-12-16T23:16:46.504112+00:00 DEBUG 'ansible_navigator.main' ansible-navigator.execution-environment.environment-variables.pass not found in settings file
2024-12-16T23:16:46.504132+00:00 DEBUG 'ansible_navigator.main' ansible-navigator.ansible.playbook.path not found in settings file
2024-12-16T23:16:46.504151+00:00 DEBUG 'ansible_navigator.main' ansible-navigator.playbook-artifact.enable not found in settings file
2024-12-16T23:16:46.504170+00:00 DEBUG 'ansible_navigator.main' ansible-navigator.playbook-artifact.replay not found in settings file
2024-12-16T23:16:46.504190+00:00 DEBUG 'ansible_navigator.main' ansible-navigator.playbook-artifact.save-as not found in settings file
2024-12-16T23:16:46.504209+00:00 DEBUG 'ansible_navigator.main' ansible-navigator.ansible.doc.plugin.name not found in settings file
2024-12-16T23:16:46.504228+00:00 DEBUG 'ansible_navigator.main' ansible-navigator.ansible.doc.plugin.type not found in settings file
2024-12-16T23:16:46.504248+00:00 DEBUG 'ansible_navigator.main' ansible-navigator.execution-environment.pull.arguments not found in settings file
2024-12-16T23:16:46.504268+00:00 DEBUG 'ansible_navigator.main' ansible-navigator.execution-environment.environment-variables.set not found in settings file
2024-12-16T23:16:46.504297+00:00 DEBUG 'ansible_navigator.main' ansible-navigator.settings.effective not found in settings file
2024-12-16T23:16:46.504318+00:00 DEBUG 'ansible_navigator.main' ansible-navigator.settings.sample not found in settings file
2024-12-16T23:16:46.504337+00:00 DEBUG 'ansible_navigator.main' ansible-navigator.settings.schema not found in settings file
2024-12-16T23:16:46.504357+00:00 DEBUG 'ansible_navigator.main' ansible-navigator.settings.sources not found in settings file
2024-12-16T23:16:46.504376+00:00 DEBUG 'ansible_navigator.main' ansible-navigator.time-zone not found in settings file
2024-12-16T23:16:46.504395+00:00 DEBUG 'ansible_navigator.main' ansible-navigator.ansible-builder.workdir not found in settings file
2024-12-16T23:16:46.504415+00:00 DEBUG 'ansible_navigator.main' EE support enabled: using current working directory for 'ansible.cfg'
2024-12-16T23:16:46.504434+00:00 INFO 'ansible_navigator.main' EE support enabled: found 'ansible.cfg' in current working directory.
2024-12-16T23:16:46.504454+00:00 DEBUG 'ansible_navigator.main' Completed post processing for ansible_runner_artifact_dir. (changed=False)
2024-12-16T23:16:46.504473+00:00 DEBUG 'ansible_navigator.main' Completed post processing for ansible_runner_rotate_artifacts_count. (changed=False)
2024-12-16T23:16:46.504492+00:00 DEBUG 'ansible_navigator.main' Completed post processing for ansible_runner_timeout. (changed=False)
2024-12-16T23:16:46.504511+00:00 DEBUG 'ansible_navigator.main' Completed post processing for cmdline. (changed=False)
2024-12-16T23:16:46.504531+00:00 DEBUG 'ansible_navigator.main' Completed post processing for collection_doc_cache_path. (changed=False)
2024-12-16T23:16:46.504550+00:00 DEBUG 'ansible_navigator.main' Completed post processing for container_engine. (changed=True)
2024-12-16T23:16:46.504569+00:00 DEBUG 'ansible_navigator.main'  before: 'auto'
2024-12-16T23:16:46.504589+00:00 DEBUG 'ansible_navigator.main'  after: 'podman'
2024-12-16T23:16:46.504608+00:00 DEBUG 'ansible_navigator.main' Completed post processing for container_options. (changed=False)
2024-12-16T23:16:46.504638+00:00 DEBUG 'ansible_navigator.main' Completed post processing for display_color. (changed=False)
2024-12-16T23:16:46.504658+00:00 DEBUG 'ansible_navigator.main' Completed post processing for execution_environment. (changed=False)
2024-12-16T23:16:46.504677+00:00 DEBUG 'ansible_navigator.main' Completed post processing for execution_environment_image. (changed=False)
2024-12-16T23:16:46.504697+00:00 DEBUG 'ansible_navigator.main' Completed post processing for help_builder. (changed=False)
2024-12-16T23:16:46.504725+00:00 DEBUG 'ansible_navigator.main' Completed post processing for help_config. (changed=False)
2024-12-16T23:16:46.504745+00:00 DEBUG 'ansible_navigator.main' Completed post processing for help_doc. (changed=False)
2024-12-16T23:16:46.504765+00:00 DEBUG 'ansible_navigator.main' Completed post processing for help_inventory. (changed=False)
2024-12-16T23:16:46.504784+00:00 DEBUG 'ansible_navigator.main' Completed post processing for help_playbook. (changed=False)
2024-12-16T23:16:46.504812+00:00 DEBUG 'ansible_navigator.main' Completed post processing for images_details. (changed=False)
2024-12-16T23:16:46.504833+00:00 DEBUG 'ansible_navigator.main' Completed post processing for inventory. (changed=True)
2024-12-16T23:16:46.504852+00:00 DEBUG 'ansible_navigator.main'  before: 'Not set'
2024-12-16T23:16:46.504871+00:00 DEBUG 'ansible_navigator.main'  after: '['/home/student/projects-review/inventory']'
2024-12-16T23:16:46.504891+00:00 DEBUG 'ansible_navigator.main' Completed post processing for inventory_column. (changed=False)
2024-12-16T23:16:46.504910+00:00 DEBUG 'ansible_navigator.main' Completed post processing for log_file. (changed=False)
2024-12-16T23:16:46.504929+00:00 DEBUG 'ansible_navigator.main' Completed post processing for pass_environment_variable. (changed=False)
2024-12-16T23:16:46.504949+00:00 DEBUG 'ansible_navigator.main' Completed post processing for playbook. (changed=False)
2024-12-16T23:16:46.504968+00:00 DEBUG 'ansible_navigator.main' Completed post processing for playbook_artifact_replay. (changed=False)
2024-12-16T23:16:46.504987+00:00 DEBUG 'ansible_navigator.main' Completed post processing for playbook_artifact_save_as. (changed=False)
2024-12-16T23:16:46.505007+00:00 DEBUG 'ansible_navigator.main' Completed post processing for plugin_name. (changed=False)
2024-12-16T23:16:46.505026+00:00 DEBUG 'ansible_navigator.main' Completed post processing for pull_arguments. (changed=False)
2024-12-16T23:16:46.505045+00:00 DEBUG 'ansible_navigator.main' Completed post processing for set_environment_variable. (changed=False)
2024-12-16T23:16:46.505065+00:00 DEBUG 'ansible_navigator.main' Completed post processing for settings_effective. (changed=False)
2024-12-16T23:16:46.505085+00:00 DEBUG 'ansible_navigator.main' Completed post processing for settings_sample. (changed=False)
2024-12-16T23:16:46.505104+00:00 DEBUG 'ansible_navigator.main' Completed post processing for settings_schema. (changed=False)
2024-12-16T23:16:46.505123+00:00 DEBUG 'ansible_navigator.main' Completed post processing for settings_sources. (changed=False)
2024-12-16T23:16:46.505143+00:00 DEBUG 'ansible_navigator.main' Completed post processing for time_zone. (changed=False)
2024-12-16T23:16:46.505162+00:00 DEBUG 'ansible_navigator.main' Completed post processing for execution_environment_volume_mounts. (changed=False)
2024-12-16T23:16:46.505182+00:00 DEBUG 'ansible_navigator.main' Completed post processing for mode. (changed=False)
2024-12-16T23:16:46.505206+00:00 WARNING 'ansible_navigator.main' Configuration errors encountered, rolling back to previous configuration.
2024-12-16T23:16:46.505225+00:00 DEBUG 'ansible_navigator.main' Prior to rollback: ansible_runner_artifact_dir = 'Not set' (Constants/Not set)
2024-12-16T23:16:46.505245+00:00 DEBUG 'ansible_navigator.main' Prior to rollback: ansible_runner_rotate_artifacts_count = 'Not set' (Constants/Not set)
2024-12-16T23:16:46.505265+00:00 DEBUG 'ansible_navigator.main' Prior to rollback: ansible_runner_timeout = 'Not set' (Constants/Not set)
2024-12-16T23:16:46.505288+00:00 DEBUG 'ansible_navigator.main' Prior to rollback: app = 'run' (str/Command line)
2024-12-16T23:16:46.505314+00:00 DEBUG 'ansible_navigator.main' Prior to rollback: cmdline = '['--syntax-check']' (list/Command line)
2024-12-16T23:16:46.505333+00:00 DEBUG 'ansible_navigator.main' Prior to rollback: collection_doc_cache_path = '/home/student/.cache/ansible-navigator/collection_doc_cache.db' (str/Defaults)
2024-12-16T23:16:46.505353+00:00 DEBUG 'ansible_navigator.main' Prior to rollback: config = 'Not set' (Constants/Not set)
2024-12-16T23:16:46.505381+00:00 DEBUG 'ansible_navigator.main' Prior to rollback: container_engine = 'podman' (str/Automatically determined)
2024-12-16T23:16:46.505401+00:00 DEBUG 'ansible_navigator.main' Prior to rollback: container_options = 'Not set' (Constants/Not set)
2024-12-16T23:16:46.505420+00:00 DEBUG 'ansible_navigator.main' Prior to rollback: display_color = 'True' (bool/Defaults)
2024-12-16T23:16:46.505440+00:00 DEBUG 'ansible_navigator.main' Prior to rollback: editor_command = '/usr/bin/vim {filename}' (str/Defaults)
2024-12-16T23:16:46.505459+00:00 DEBUG 'ansible_navigator.main' Prior to rollback: editor_console = 'True' (bool/Defaults)
2024-12-16T23:16:46.505479+00:00 DEBUG 'ansible_navigator.main' Prior to rollback: exec_command = '/bin/bash' (str/Defaults)
2024-12-16T23:16:46.505499+00:00 DEBUG 'ansible_navigator.main' Prior to rollback: exec_shell = 'True' (bool/Defaults)
2024-12-16T23:16:46.505523+00:00 DEBUG 'ansible_navigator.main' Prior to rollback: execution_environment = 'True' (bool/Defaults)
2024-12-16T23:16:46.505543+00:00 DEBUG 'ansible_navigator.main' Prior to rollback: execution_environment_image = 'utility.lab.example.com/ee-supported-rhel8:latest' (str/Settings file)
2024-12-16T23:16:46.505562+00:00 DEBUG 'ansible_navigator.main' Prior to rollback: execution_environment_volume_mounts = 'Not set' (Constants/Not set)
2024-12-16T23:16:46.505582+00:00 DEBUG 'ansible_navigator.main' Prior to rollback: help_builder = 'False' (bool/Defaults)
2024-12-16T23:16:46.505601+00:00 DEBUG 'ansible_navigator.main' Prior to rollback: help_config = 'False' (bool/Defaults)
2024-12-16T23:16:46.505631+00:00 DEBUG 'ansible_navigator.main' Prior to rollback: help_doc = 'False' (bool/Defaults)
2024-12-16T23:16:46.505651+00:00 DEBUG 'ansible_navigator.main' Prior to rollback: help_inventory = 'False' (bool/Defaults)
2024-12-16T23:16:46.505670+00:00 DEBUG 'ansible_navigator.main' Prior to rollback: help_playbook = 'False' (bool/Defaults)
2024-12-16T23:16:46.505689+00:00 DEBUG 'ansible_navigator.main' Prior to rollback: images_details = '['everything']' (list/Defaults)
2024-12-16T23:16:46.505708+00:00 DEBUG 'ansible_navigator.main' Prior to rollback: inventory = '['/home/student/projects-review/inventory']' (list/Ansible configuration file)
2024-12-16T23:16:46.505728+00:00 DEBUG 'ansible_navigator.main' Prior to rollback: inventory_column = 'Not set' (Constants/Not set)
2024-12-16T23:16:46.505747+00:00 DEBUG 'ansible_navigator.main' Prior to rollback: lint_config = 'Not set' (Constants/Not set)
2024-12-16T23:16:46.505766+00:00 DEBUG 'ansible_navigator.main' Prior to rollback: lintables = 'Not set' (Constants/Not set)
2024-12-16T23:16:46.505785+00:00 DEBUG 'ansible_navigator.main' Prior to rollback: log_append = 'True' (bool/Defaults)
2024-12-16T23:16:46.505814+00:00 DEBUG 'ansible_navigator.main' Prior to rollback: log_file = '/home/student/projects-review/ansible-navigator.log' (str/Defaults)
2024-12-16T23:16:46.505842+00:00 DEBUG 'ansible_navigator.main' Prior to rollback: log_level = 'warning' (str/Defaults)
2024-12-16T23:16:46.505862+00:00 DEBUG 'ansible_navigator.main' Prior to rollback: mode = 'stdout' (str/Command line)
2024-12-16T23:16:46.505881+00:00 DEBUG 'ansible_navigator.main' Prior to rollback: osc4 = 'True' (bool/Defaults)
2024-12-16T23:16:46.505901+00:00 DEBUG 'ansible_navigator.main' Prior to rollback: pass_environment_variable = 'Not set' (Constants/Not set)
2024-12-16T23:16:46.505920+00:00 DEBUG 'ansible_navigator.main' Prior to rollback: playbook = 'Not set' (Constants/Not set)
2024-12-16T23:16:46.505939+00:00 DEBUG 'ansible_navigator.main' Prior to rollback: playbook_artifact_enable = 'True' (bool/Defaults)
2024-12-16T23:16:46.505958+00:00 DEBUG 'ansible_navigator.main' Prior to rollback: playbook_artifact_replay = 'Not set' (Constants/Not set)
2024-12-16T23:16:46.505978+00:00 DEBUG 'ansible_navigator.main' Prior to rollback: playbook_artifact_save_as = '{playbook_dir}/{playbook_name}-artifact-{time_stamp}.json' (str/Defaults)
2024-12-16T23:16:46.506002+00:00 DEBUG 'ansible_navigator.main' Prior to rollback: plugin_name = 'Not set' (Constants/Not set)
2024-12-16T23:16:46.506022+00:00 DEBUG 'ansible_navigator.main' Prior to rollback: plugin_type = 'module' (str/Defaults)
2024-12-16T23:16:46.506041+00:00 DEBUG 'ansible_navigator.main' Prior to rollback: pull_arguments = 'Not set' (Constants/Not set)
2024-12-16T23:16:46.506061+00:00 DEBUG 'ansible_navigator.main' Prior to rollback: pull_policy = 'missing' (str/Settings file)
2024-12-16T23:16:46.506080+00:00 DEBUG 'ansible_navigator.main' Prior to rollback: set_environment_variable = 'Not set' (Constants/Not set)
2024-12-16T23:16:46.506099+00:00 DEBUG 'ansible_navigator.main' Prior to rollback: settings_effective = 'False' (bool/Defaults)
2024-12-16T23:16:46.506119+00:00 DEBUG 'ansible_navigator.main' Prior to rollback: settings_sample = 'False' (bool/Defaults)
2024-12-16T23:16:46.506138+00:00 DEBUG 'ansible_navigator.main' Prior to rollback: settings_schema = 'json' (str/Defaults)
2024-12-16T23:16:46.506157+00:00 DEBUG 'ansible_navigator.main' Prior to rollback: settings_sources = 'False' (bool/Defaults)
2024-12-16T23:16:46.506177+00:00 DEBUG 'ansible_navigator.main' Prior to rollback: time_zone = 'UTC' (str/Defaults)
2024-12-16T23:16:46.506196+00:00 DEBUG 'ansible_navigator.main' Prior to rollback: workdir = '/home/student/projects-review' (str/Defaults)
2024-12-16T23:16:46.506216+00:00 DEBUG 'ansible_navigator.main' After rollback: ansible_runner_artifact_dir = 'Not set' (Constants/Not set)
2024-12-16T23:16:46.506235+00:00 DEBUG 'ansible_navigator.main' After rollback: ansible_runner_rotate_artifacts_count = 'Not set' (Constants/Not set)
2024-12-16T23:16:46.506254+00:00 DEBUG 'ansible_navigator.main' After rollback: ansible_runner_timeout = 'Not set' (Constants/Not set)
2024-12-16T23:16:46.506274+00:00 DEBUG 'ansible_navigator.main' After rollback: app = 'Not set' (Constants/Not set)
2024-12-16T23:16:46.506295+00:00 DEBUG 'ansible_navigator.main' After rollback: cmdline = 'Not set' (Constants/Not set)
2024-12-16T23:16:46.506325+00:00 DEBUG 'ansible_navigator.main' After rollback: collection_doc_cache_path = 'Not set' (Constants/Not set)
2024-12-16T23:16:46.506346+00:00 DEBUG 'ansible_navigator.main' After rollback: config = 'Not set' (Constants/Not set)
2024-12-16T23:16:46.506365+00:00 DEBUG 'ansible_navigator.main' After rollback: container_engine = 'Not set' (Constants/Not set)
2024-12-16T23:16:46.506385+00:00 DEBUG 'ansible_navigator.main' After rollback: container_options = 'Not set' (Constants/Not set)
2024-12-16T23:16:46.506404+00:00 DEBUG 'ansible_navigator.main' After rollback: display_color = 'Not set' (Constants/Not set)
2024-12-16T23:16:46.506423+00:00 DEBUG 'ansible_navigator.main' After rollback: editor_command = 'Not set' (Constants/Not set)
2024-12-16T23:16:46.506442+00:00 DEBUG 'ansible_navigator.main' After rollback: editor_console = 'Not set' (Constants/Not set)
2024-12-16T23:16:46.506462+00:00 DEBUG 'ansible_navigator.main' After rollback: exec_command = 'Not set' (Constants/Not set)
2024-12-16T23:16:46.506481+00:00 DEBUG 'ansible_navigator.main' After rollback: exec_shell = 'Not set' (Constants/Not set)
2024-12-16T23:16:46.506500+00:00 DEBUG 'ansible_navigator.main' After rollback: execution_environment = 'Not set' (Constants/Not set)
2024-12-16T23:16:46.506519+00:00 DEBUG 'ansible_navigator.main' After rollback: execution_environment_image = 'Not set' (Constants/Not set)
2024-12-16T23:16:46.506538+00:00 DEBUG 'ansible_navigator.main' After rollback: execution_environment_volume_mounts = 'Not set' (Constants/Not set)
2024-12-16T23:16:46.506558+00:00 DEBUG 'ansible_navigator.main' After rollback: help_builder = 'Not set' (Constants/Not set)
2024-12-16T23:16:46.506577+00:00 DEBUG 'ansible_navigator.main' After rollback: help_config = 'Not set' (Constants/Not set)
2024-12-16T23:16:46.506596+00:00 DEBUG 'ansible_navigator.main' After rollback: help_doc = 'Not set' (Constants/Not set)
2024-12-16T23:16:46.506627+00:00 DEBUG 'ansible_navigator.main' After rollback: help_inventory = 'Not set' (Constants/Not set)
2024-12-16T23:16:46.506651+00:00 DEBUG 'ansible_navigator.main' After rollback: help_playbook = 'Not set' (Constants/Not set)
2024-12-16T23:16:46.506670+00:00 DEBUG 'ansible_navigator.main' After rollback: images_details = 'Not set' (Constants/Not set)
2024-12-16T23:16:46.506690+00:00 DEBUG 'ansible_navigator.main' After rollback: inventory = 'Not set' (Constants/Not set)
2024-12-16T23:16:46.506709+00:00 DEBUG 'ansible_navigator.main' After rollback: inventory_column = 'Not set' (Constants/Not set)
2024-12-16T23:16:46.506728+00:00 DEBUG 'ansible_navigator.main' After rollback: lint_config = 'Not set' (Constants/Not set)
2024-12-16T23:16:46.506747+00:00 DEBUG 'ansible_navigator.main' After rollback: lintables = 'Not set' (Constants/Not set)
2024-12-16T23:16:46.506767+00:00 DEBUG 'ansible_navigator.main' After rollback: log_append = 'Not set' (Constants/Not set)
2024-12-16T23:16:46.506786+00:00 DEBUG 'ansible_navigator.main' After rollback: log_file = 'Not set' (Constants/Not set)
2024-12-16T23:16:46.506813+00:00 DEBUG 'ansible_navigator.main' After rollback: log_level = 'Not set' (Constants/Not set)
2024-12-16T23:16:46.506834+00:00 DEBUG 'ansible_navigator.main' After rollback: mode = 'Not set' (Constants/Not set)
2024-12-16T23:16:46.506853+00:00 DEBUG 'ansible_navigator.main' After rollback: osc4 = 'Not set' (Constants/Not set)
2024-12-16T23:16:46.506873+00:00 DEBUG 'ansible_navigator.main' After rollback: pass_environment_variable = 'Not set' (Constants/Not set)
2024-12-16T23:16:46.506892+00:00 DEBUG 'ansible_navigator.main' After rollback: playbook = 'Not set' (Constants/Not set)
2024-12-16T23:16:46.506911+00:00 DEBUG 'ansible_navigator.main' After rollback: playbook_artifact_enable = 'Not set' (Constants/Not set)
2024-12-16T23:16:46.506930+00:00 DEBUG 'ansible_navigator.main' After rollback: playbook_artifact_replay = 'Not set' (Constants/Not set)
2024-12-16T23:16:46.506950+00:00 DEBUG 'ansible_navigator.main' After rollback: playbook_artifact_save_as = 'Not set' (Constants/Not set)
2024-12-16T23:16:46.506970+00:00 DEBUG 'ansible_navigator.main' After rollback: plugin_name = 'Not set' (Constants/Not set)
2024-12-16T23:16:46.506989+00:00 DEBUG 'ansible_navigator.main' After rollback: plugin_type = 'Not set' (Constants/Not set)
2024-12-16T23:16:46.507008+00:00 DEBUG 'ansible_navigator.main' After rollback: pull_arguments = 'Not set' (Constants/Not set)
2024-12-16T23:16:46.507027+00:00 DEBUG 'ansible_navigator.main' After rollback: pull_policy = 'Not set' (Constants/Not set)
2024-12-16T23:16:46.507047+00:00 DEBUG 'ansible_navigator.main' After rollback: set_environment_variable = 'Not set' (Constants/Not set)
2024-12-16T23:16:46.507066+00:00 DEBUG 'ansible_navigator.main' After rollback: settings_effective = 'Not set' (Constants/Not set)
2024-12-16T23:16:46.507085+00:00 DEBUG 'ansible_navigator.main' After rollback: settings_sample = 'Not set' (Constants/Not set)
2024-12-16T23:16:46.507104+00:00 DEBUG 'ansible_navigator.main' After rollback: settings_schema = 'Not set' (Constants/Not set)
2024-12-16T23:16:46.507123+00:00 DEBUG 'ansible_navigator.main' After rollback: settings_sources = 'Not set' (Constants/Not set)
2024-12-16T23:16:46.507143+00:00 DEBUG 'ansible_navigator.main' After rollback: time_zone = 'Not set' (Constants/Not set)
2024-12-16T23:16:46.507162+00:00 DEBUG 'ansible_navigator.main' After rollback: workdir = 'Not set' (Constants/Not set)
2024-12-16T23:16:46.507182+00:00 DEBUG 'ansible_navigator.main' Configuration rollback complete.
2024-12-16T23:16:46.507201+00:00 DEBUG 'ansible_navigator.main' Collection doc cache not mounted
2024-12-16T23:16:46.507235+00:00 WARNING 'ansible_navigator.main' Issues were found while applying the settings.
2024-12-16T23:16:46.507258+00:00 INFO 'ansible_navigator.main' Command provided: 'run -m stdout --syntax-check'
2024-12-16T23:16:46.507284+00:00 ERROR 'ansible_navigator.main' A playbook is required when using the run subcommand
2024-12-16T23:16:46.507310+00:00 INFO 'ansible_navigator.main' Try again with 'run <playbook name>'
2024-12-16T23:16:46.507343+00:00 INFO 'ansible_navigator.main' Configuration failed, using default log file location. (/home/student/projects-review/ansible-navigator.log) Log level set to debug
2024-12-16T23:16:46.507366+00:00 INFO 'ansible_navigator.main' Review the hints and log file to see what went wrong.
2024-12-16T23:16:56.884934+00:00 CRITICAL 'ansible_navigator.actions.run_playbook._handle_message' Unhandled message from runner queue, discarded: {'event': 'verbose', 'uuid': '8b8dd804-06eb-43d9-b043-73181a0f1706', 'counter': 1, 'stdout': "\x1b[0;31mERROR! unexpected parameter type in action: <class 'ansible.parsing.yaml.objects.AnsibleSequence'>\x1b[0m", 'start_line': 0, 'end_line': 1, 'runner_ident': '024f4aee-f5ac-4cb9-a529-4a422310030c', 'created': '2024-12-16T23:16:56.877169'}
2024-12-16T23:16:56.885634+00:00 CRITICAL 'ansible_navigator.actions.run_playbook._handle_message' Unhandled message from runner queue, discarded: {'event': 'verbose', 'uuid': 'c65284d2-477d-44c2-b035-21dab21848f0', 'counter': 2, 'stdout': '\x1b[0;31m\x1b[0m', 'start_line': 1, 'end_line': 2, 'runner_ident': '024f4aee-f5ac-4cb9-a529-4a422310030c', 'created': '2024-12-16T23:16:56.877548'}
2024-12-16T23:16:56.885727+00:00 CRITICAL 'ansible_navigator.actions.run_playbook._handle_message' Unhandled message from runner queue, discarded: {'event': 'verbose', 'uuid': '5f738158-bacb-451e-ad05-44907f67d12f', 'counter': 3, 'stdout': "\x1b[0;31mThe error appears to be in '/home/student/projects-review/playbook.yml': line 7, column 7, but may\x1b[0m", 'start_line': 2, 'end_line': 3, 'runner_ident': '024f4aee-f5ac-4cb9-a529-4a422310030c', 'created': '2024-12-16T23:16:56.877634'}
2024-12-16T23:16:56.885813+00:00 CRITICAL 'ansible_navigator.actions.run_playbook._handle_message' Unhandled message from runner queue, discarded: {'event': 'verbose', 'uuid': 'a173e62b-027e-4a6d-9226-a74f82df2c1f', 'counter': 4, 'stdout': '\x1b[0;31mbe elsewhere in the file depending on the exact syntax problem.\x1b[0m', 'start_line': 3, 'end_line': 4, 'runner_ident': '024f4aee-f5ac-4cb9-a529-4a422310030c', 'created': '2024-12-16T23:16:56.877689'}
2024-12-16T23:16:56.885875+00:00 CRITICAL 'ansible_navigator.actions.run_playbook._handle_message' Unhandled message from runner queue, discarded: {'event': 'verbose', 'uuid': '690f4496-7f9c-4b11-a614-5809948b9fb7', 'counter': 5, 'stdout': '\x1b[0;31m\x1b[0m', 'start_line': 4, 'end_line': 5, 'runner_ident': '024f4aee-f5ac-4cb9-a529-4a422310030c', 'created': '2024-12-16T23:16:56.877733'}
2024-12-16T23:16:56.885937+00:00 CRITICAL 'ansible_navigator.actions.run_playbook._handle_message' Unhandled message from runner queue, discarded: {'event': 'verbose', 'uuid': 'bb485c45-84a3-4d99-8fc6-29de5d58080a', 'counter': 6, 'stdout': '\x1b[0;31mThe offending line appears to be:\x1b[0m', 'start_line': 5, 'end_line': 6, 'runner_ident': '024f4aee-f5ac-4cb9-a529-4a422310030c', 'created': '2024-12-16T23:16:56.877775'}
2024-12-16T23:16:56.885992+00:00 CRITICAL 'ansible_navigator.actions.run_playbook._handle_message' Unhandled message from runner queue, discarded: {'event': 'verbose', 'uuid': 'a719e28c-ddaa-4e87-8fb2-8a3b7e90dcca', 'counter': 7, 'stdout': '\x1b[0;31m\x1b[0m', 'start_line': 6, 'end_line': 7, 'runner_ident': '024f4aee-f5ac-4cb9-a529-4a422310030c', 'created': '2024-12-16T23:16:56.877834'}
2024-12-16T23:16:56.886045+00:00 CRITICAL 'ansible_navigator.actions.run_playbook._handle_message' Unhandled message from runner queue, discarded: {'event': 'verbose', 'uuid': '9ad4205d-d485-4d89-ba78-159aebcf063c', 'counter': 8, 'stdout': '\x1b[0;31m\x1b[0m', 'start_line': 7, 'end_line': 8, 'runner_ident': '024f4aee-f5ac-4cb9-a529-4a422310030c', 'created': '2024-12-16T23:16:56.877887'}
2024-12-16T23:16:56.886096+00:00 CRITICAL 'ansible_navigator.actions.run_playbook._handle_message' Unhandled message from runner queue, discarded: {'event': 'verbose', 'uuid': 'ddab306b-454b-4b75-9cf0-119587096be7', 'counter': 9, 'stdout': '\x1b[0;31m    - name: include web and firewall tasks\x1b[0m', 'start_line': 8, 'end_line': 9, 'runner_ident': '024f4aee-f5ac-4cb9-a529-4a422310030c', 'created': '2024-12-16T23:16:56.877935'}
2024-12-16T23:16:56.886158+00:00 CRITICAL 'ansible_navigator.actions.run_playbook._handle_message' Unhandled message from runner queue, discarded: {'event': 'verbose', 'uuid': '99605e3c-a03b-4ecb-bd1c-b27bea117c79', 'counter': 10, 'stdout': '\x1b[0;31m      ^ here\x1b[0m', 'start_line': 9, 'end_line': 10, 'runner_ident': '024f4aee-f5ac-4cb9-a529-4a422310030c', 'created': '2024-12-16T23:16:56.877983'}
2024-12-16T23:18:49.369325+00:00 INFO 'ansible_navigator.setup_logger' New ansible-navigator instance, logging initialized
2024-12-16T23:18:49.369712+00:00 INFO 'ansible_navigator.setup_logger' New ansible-runner instance, logging initialized
2024-12-16T23:18:49.369769+00:00 DEBUG 'ansible_navigator.main' ansible-builder==1.1.0 /usr/lib/python3.9/site-packages
2024-12-16T23:18:49.369806+00:00 DEBUG 'ansible_navigator.main' ansible-core==2.13.0 /usr/lib/python3.9/site-packages
2024-12-16T23:18:49.369831+00:00 DEBUG 'ansible_navigator.main' ansible-navigator==2.1.0 /usr/lib/python3.9/site-packages
2024-12-16T23:18:49.369853+00:00 DEBUG 'ansible_navigator.main' ansible-runner==2.2.0 /usr/lib/python3.9/site-packages
2024-12-16T23:18:49.369874+00:00 DEBUG 'ansible_navigator.main' attrs==21.4.0 /usr/lib/python3.9/site-packages
2024-12-16T23:18:49.369896+00:00 DEBUG 'ansible_navigator.main' babel==2.9.1 /usr/lib/python3.9/site-packages
2024-12-16T23:18:49.369916+00:00 DEBUG 'ansible_navigator.main' bindep==2.10.2 /usr/lib/python3.9/site-packages
2024-12-16T23:18:49.369936+00:00 DEBUG 'ansible_navigator.main' brlapi==0.8.2 /usr/lib64/python3.9/site-packages
2024-12-16T23:18:49.369956+00:00 DEBUG 'ansible_navigator.main' certifi==2020.6.20 /usr/lib/python3.9/site-packages
2024-12-16T23:18:49.369977+00:00 DEBUG 'ansible_navigator.main' cffi==1.15.0 /usr/lib64/python3.9/site-packages
2024-12-16T23:18:49.369997+00:00 DEBUG 'ansible_navigator.main' chardet==4.0.0 /usr/lib/python3.9/site-packages
2024-12-16T23:18:49.370018+00:00 DEBUG 'ansible_navigator.main' charset-normalizer==2.0.11 /usr/lib/python3.9/site-packages
2024-12-16T23:18:49.370038+00:00 DEBUG 'ansible_navigator.main' chrome-gnome-shell==0.0.0 /usr/lib/python3.9/site-packages
2024-12-16T23:18:49.370058+00:00 DEBUG 'ansible_navigator.main' cloud-init==21.1 /usr/lib/python3.9/site-packages
2024-12-16T23:18:49.370077+00:00 DEBUG 'ansible_navigator.main' configobj==5.0.6 /usr/lib/python3.9/site-packages
2024-12-16T23:18:49.370097+00:00 DEBUG 'ansible_navigator.main' cryptography==36.0.1 /usr/lib64/python3.9/site-packages
2024-12-16T23:18:49.370117+00:00 DEBUG 'ansible_navigator.main' cupshelpers==1.0 /usr/lib/python3.9/site-packages
2024-12-16T23:18:49.370137+00:00 DEBUG 'ansible_navigator.main' dasbus==1.4 /usr/lib/python3.9/site-packages
2024-12-16T23:18:49.370157+00:00 DEBUG 'ansible_navigator.main' dbus-python==1.2.18 /usr/lib64/python3.9/site-packages
2024-12-16T23:18:49.370177+00:00 DEBUG 'ansible_navigator.main' decorator==4.4.2 /usr/lib/python3.9/site-packages
2024-12-16T23:18:49.370197+00:00 DEBUG 'ansible_navigator.main' distlib==0.3.4 /usr/local/lib/python3.9/site-packages
2024-12-16T23:18:49.370217+00:00 DEBUG 'ansible_navigator.main' distro==1.6.0 /usr/lib/python3.9/site-packages
2024-12-16T23:18:49.370237+00:00 DEBUG 'ansible_navigator.main' docutils==0.16 /usr/lib/python3.9/site-packages
2024-12-16T23:18:49.370256+00:00 DEBUG 'ansible_navigator.main' ethtool==0.15 /usr/lib64/python3.9/site-packages
2024-12-16T23:18:49.370276+00:00 DEBUG 'ansible_navigator.main' file-magic==0.4.0 /usr/lib/python3.9/site-packages
2024-12-16T23:18:49.370296+00:00 DEBUG 'ansible_navigator.main' filelock==3.7.0 /usr/local/lib/python3.9/site-packages
2024-12-16T23:18:49.370316+00:00 DEBUG 'ansible_navigator.main' gpg==1.15.1 /usr/lib64/python3.9/site-packages
2024-12-16T23:18:49.370336+00:00 DEBUG 'ansible_navigator.main' idna==3.3 /usr/lib/python3.9/site-packages
2024-12-16T23:18:49.370355+00:00 DEBUG 'ansible_navigator.main' iniparse==0.4 /usr/lib/python3.9/site-packages
2024-12-16T23:18:49.370375+00:00 DEBUG 'ansible_navigator.main' jinja2==3.0.3 /usr/lib/python3.9/site-packages
2024-12-16T23:18:49.370411+00:00 DEBUG 'ansible_navigator.main' jsonpatch==1.21 /usr/lib/python3.9/site-packages
2024-12-16T23:18:49.370432+00:00 DEBUG 'ansible_navigator.main' jsonpointer==2.0 /usr/lib/python3.9/site-packages
2024-12-16T23:18:49.370455+00:00 DEBUG 'ansible_navigator.main' jsonschema==3.2.0 /usr/lib/python3.9/site-packages
2024-12-16T23:18:49.370486+00:00 DEBUG 'ansible_navigator.main' libcomps==0.1.18 /usr/lib64/python3.9/site-packages
2024-12-16T23:18:49.370514+00:00 DEBUG 'ansible_navigator.main' lockfile==0.12.2 /usr/lib/python3.9/site-packages
2024-12-16T23:18:49.370541+00:00 DEBUG 'ansible_navigator.main' lxml==4.6.5 /usr/lib64/python3.9/site-packages
2024-12-16T23:18:49.370571+00:00 DEBUG 'ansible_navigator.main' markupsafe==2.1.0 /usr/lib64/python3.9/site-packages
2024-12-16T23:18:49.370592+00:00 DEBUG 'ansible_navigator.main' netifaces==0.10.6 /usr/lib64/python3.9/site-packages
2024-12-16T23:18:49.370621+00:00 DEBUG 'ansible_navigator.main' nftables==0.1 /usr/lib/python3.9/site-packages
2024-12-16T23:18:49.370646+00:00 DEBUG 'ansible_navigator.main' oauthlib==3.1.1 /usr/lib/python3.9/site-packages
2024-12-16T23:18:49.370666+00:00 DEBUG 'ansible_navigator.main' onigurumacffi==1.1.0 /usr/lib64/python3.9/site-packages
2024-12-16T23:18:49.370686+00:00 DEBUG 'ansible_navigator.main' packaging==21.2 /usr/lib/python3.9/site-packages
2024-12-16T23:18:49.370706+00:00 DEBUG 'ansible_navigator.main' parsley==1.3 /usr/lib/python3.9/site-packages
2024-12-16T23:18:49.370726+00:00 DEBUG 'ansible_navigator.main' pathspec==0.12.1 /home/student/.local/lib/python3.9/site-packages
2024-12-16T23:18:49.370747+00:00 DEBUG 'ansible_navigator.main' pbr==5.8.1 /usr/lib/python3.9/site-packages
2024-12-16T23:18:49.370767+00:00 DEBUG 'ansible_navigator.main' perf==0.1 /usr/lib64/python3.9/site-packages
2024-12-16T23:18:49.370787+00:00 DEBUG 'ansible_navigator.main' pexpect==4.8.0 /usr/lib/python3.9/site-packages
2024-12-16T23:18:49.370817+00:00 DEBUG 'ansible_navigator.main' pip==21.2.3 /usr/lib/python3.9/site-packages
2024-12-16T23:18:49.370837+00:00 DEBUG 'ansible_navigator.main' platformdirs==2.5.2 /usr/local/lib/python3.9/site-packages
2024-12-16T23:18:49.370857+00:00 DEBUG 'ansible_navigator.main' prettytable==0.7.2 /usr/lib/python3.9/site-packages
2024-12-16T23:18:49.370877+00:00 DEBUG 'ansible_navigator.main' psutil==5.8.0 /usr/lib64/python3.9/site-packages
2024-12-16T23:18:49.370896+00:00 DEBUG 'ansible_navigator.main' ptyprocess==0.6.0 /usr/lib/python3.9/site-packages
2024-12-16T23:18:49.370916+00:00 DEBUG 'ansible_navigator.main' pycairo==1.20.0 /usr/lib64/python3.9/site-packages
2024-12-16T23:18:49.370936+00:00 DEBUG 'ansible_navigator.main' pycparser==2.21 /usr/lib/python3.9/site-packages
2024-12-16T23:18:49.370955+00:00 DEBUG 'ansible_navigator.main' pycups==2.0.1 /usr/lib64/python3.9/site-packages
2024-12-16T23:18:49.370975+00:00 DEBUG 'ansible_navigator.main' pycurl==7.43.0.6 /usr/lib64/python3.9/site-packages
2024-12-16T23:18:49.370995+00:00 DEBUG 'ansible_navigator.main' pyenchant==3.2.0 /usr/lib/python3.9/site-packages
2024-12-16T23:18:49.371014+00:00 DEBUG 'ansible_navigator.main' pygobject==3.40.1 /usr/lib64/python3.9/site-packages
2024-12-16T23:18:49.371034+00:00 DEBUG 'ansible_navigator.main' pyinotify==0.9.6 /usr/lib/python3.9/site-packages
2024-12-16T23:18:49.371053+00:00 DEBUG 'ansible_navigator.main' pyopenssl==19.1.0 /usr/lib/python3.9/site-packages
2024-12-16T23:18:49.371073+00:00 DEBUG 'ansible_navigator.main' pyparsing==2.4.7 /usr/lib/python3.9/site-packages
2024-12-16T23:18:49.371092+00:00 DEBUG 'ansible_navigator.main' pyrsistent==0.17.3 /usr/lib64/python3.9/site-packages
2024-12-16T23:18:49.371111+00:00 DEBUG 'ansible_navigator.main' pyserial==3.4 /usr/lib/python3.9/site-packages
2024-12-16T23:18:49.371130+00:00 DEBUG 'ansible_navigator.main' pysocks==1.7.1 /usr/lib/python3.9/site-packages
2024-12-16T23:18:49.371150+00:00 DEBUG 'ansible_navigator.main' python-daemon==2.3.0 /usr/lib/python3.9/site-packages
2024-12-16T23:18:49.371169+00:00 DEBUG 'ansible_navigator.main' python-dateutil==2.8.1 /usr/lib/python3.9/site-packages
2024-12-16T23:18:49.371199+00:00 DEBUG 'ansible_navigator.main' python-dmidecode==3.12.2 /usr/lib64/python3.9/site-packages
2024-12-16T23:18:49.371220+00:00 DEBUG 'ansible_navigator.main' python-linux-procfs==0.7.0 /usr/lib/python3.9/site-packages
2024-12-16T23:18:49.371240+00:00 DEBUG 'ansible_navigator.main' pytz==2021.3 /usr/lib/python3.9/site-packages
2024-12-16T23:18:49.371259+00:00 DEBUG 'ansible_navigator.main' pyudev==0.22.0 /usr/lib/python3.9/site-packages
2024-12-16T23:18:49.371279+00:00 DEBUG 'ansible_navigator.main' pyxdg==0.27 /usr/lib/python3.9/site-packages
2024-12-16T23:18:49.371299+00:00 DEBUG 'ansible_navigator.main' pyyaml==5.4.1 /usr/lib64/python3.9/site-packages
2024-12-16T23:18:49.371318+00:00 DEBUG 'ansible_navigator.main' requests==2.27.1 /usr/lib/python3.9/site-packages
2024-12-16T23:18:49.371338+00:00 DEBUG 'ansible_navigator.main' requirements-parser==0.2.0 /usr/lib/python3.9/site-packages
2024-12-16T23:18:49.371357+00:00 DEBUG 'ansible_navigator.main' resolvelib==0.5.4 /usr/lib/python3.9/site-packages
2024-12-16T23:18:49.371377+00:00 DEBUG 'ansible_navigator.main' rpm==4.16.1.3 /usr/lib64/python3.9/site-packages
2024-12-16T23:18:49.371396+00:00 DEBUG 'ansible_navigator.main' selinux==3.3 /usr/lib64/python3.9/site-packages
2024-12-16T23:18:49.371415+00:00 DEBUG 'ansible_navigator.main' sepolicy==3.3 /usr/lib/python3.9/site-packages
2024-12-16T23:18:49.371435+00:00 DEBUG 'ansible_navigator.main' setools==4.4.0 /usr/lib64/python3.9/site-packages
2024-12-16T23:18:49.371459+00:00 DEBUG 'ansible_navigator.main' setroubleshoot==1.1 /usr/lib/python3.9/site-packages
2024-12-16T23:18:49.371490+00:00 DEBUG 'ansible_navigator.main' setuptools==53.0.0 /usr/lib/python3.9/site-packages
2024-12-16T23:18:49.371518+00:00 DEBUG 'ansible_navigator.main' six==1.16.0 /usr/lib/python3.9/site-packages
2024-12-16T23:18:49.371538+00:00 DEBUG 'ansible_navigator.main' sos==4.2 /usr/lib/python3.9/site-packages
2024-12-16T23:18:49.371558+00:00 DEBUG 'ansible_navigator.main' subscription-manager==1.29.26 /usr/lib64/python3.9/site-packages
2024-12-16T23:18:49.371578+00:00 DEBUG 'ansible_navigator.main' systemd-python==234 /usr/lib64/python3.9/site-packages
2024-12-16T23:18:49.371598+00:00 DEBUG 'ansible_navigator.main' urllib3==1.26.8 /usr/lib/python3.9/site-packages
2024-12-16T23:18:49.371629+00:00 DEBUG 'ansible_navigator.main' virtualenv==20.14.1 /usr/local/lib/python3.9/site-packages
2024-12-16T23:18:49.371650+00:00 DEBUG 'ansible_navigator.main' yamllint==1.35.1 /home/student/.local/lib/python3.9/site-packages
2024-12-16T23:18:49.371670+00:00 DEBUG 'ansible_navigator.main' Share directory '/usr/lib/python3.9/share/ansible_navigator' not found (development path)
2024-12-16T23:18:49.371691+00:00 DEBUG 'ansible_navigator.main' Share directory '/home/student/.local/share/ansible_navigator' not found (userbase)
2024-12-16T23:18:49.371711+00:00 DEBUG 'ansible_navigator.main' Share directory '/usr/share/ansible_navigator' found (sys.prefix)
2024-12-16T23:18:49.371730+00:00 DEBUG 'ansible_navigator.main' Default collection_doc_cache_path set to: /home/student/.cache/ansible-navigator/collection_doc_cache.db
2024-12-16T23:18:49.371751+00:00 DEBUG 'ansible_navigator.main' EDITOR environment variable set as '/usr/bin/vim'
2024-12-16T23:18:49.371771+00:00 DEBUG 'ansible_navigator.main' Default editor_command set to: /usr/bin/vim {filename}
2024-12-16T23:18:49.371791+00:00 DEBUG 'ansible_navigator.main' No config file set by ANSIBLE_NAVIGATOR_CONFIG
2024-12-16T23:18:49.371821+00:00 DEBUG 'ansible_navigator.main' Looking in /home/student
2024-12-16T23:18:49.371841+00:00 DEBUG 'ansible_navigator.main' Looking for '/home/student/.ansible-navigator.yml', '/home/student/.ansible-navigator.yaml' and '/home/student/.ansible-navigator.json'
2024-12-16T23:18:49.371861+00:00 DEBUG 'ansible_navigator.main' Found 1: '/home/student/.ansible-navigator.yml'
2024-12-16T23:18:49.371881+00:00 DEBUG 'ansible_navigator.main' Looking in /home/student/projects-review
2024-12-16T23:18:49.371914+00:00 DEBUG 'ansible_navigator.main' Looking for '/home/student/projects-review/ansible-navigator.yml', '/home/student/projects-review/ansible-navigator.yaml' and '/home/student/projects-review/ansible-navigator.json'
2024-12-16T23:18:49.371936+00:00 DEBUG 'ansible_navigator.main' Found 0: 
2024-12-16T23:18:49.371956+00:00 DEBUG 'ansible_navigator.main' All found 1: '/home/student/.ansible-navigator.yml'
2024-12-16T23:18:49.371976+00:00 DEBUG 'ansible_navigator.main' Using: /home/student/.ansible-navigator.yml
2024-12-16T23:18:49.371996+00:00 DEBUG 'ansible_navigator.main' Using settings file at /home/student/.ansible-navigator.yml in search path
2024-12-16T23:18:49.372016+00:00 DEBUG 'ansible_navigator.main' Command provided: 'run -m stdout --syntax-check'
2024-12-16T23:18:49.372035+00:00 DEBUG 'ansible_navigator.main' ansible-navigator.ansible-runner.artifact-dir not found in settings file
2024-12-16T23:18:49.372055+00:00 DEBUG 'ansible_navigator.main' ansible-navigator.ansible-runner.rotate-artifacts-count not found in settings file
2024-12-16T23:18:49.372075+00:00 DEBUG 'ansible_navigator.main' ansible-navigator.ansible-runner.timeout not found in settings file
2024-12-16T23:18:49.372095+00:00 DEBUG 'ansible_navigator.main' ansible-navigator.app not found in settings file
2024-12-16T23:18:49.372115+00:00 DEBUG 'ansible_navigator.main' ansible-navigator.ansible.cmdline not found in settings file
2024-12-16T23:18:49.372135+00:00 DEBUG 'ansible_navigator.main' ansible-navigator.collection-doc-cache-path not found in settings file
2024-12-16T23:18:49.372155+00:00 DEBUG 'ansible_navigator.main' ansible-navigator.ansible.config.path not found in settings file
2024-12-16T23:18:49.372174+00:00 DEBUG 'ansible_navigator.main' ansible-navigator.execution-environment.container-engine not found in settings file
2024-12-16T23:18:49.372194+00:00 DEBUG 'ansible_navigator.main' ansible-navigator.execution-environment.container-options not found in settings file
2024-12-16T23:18:49.372214+00:00 DEBUG 'ansible_navigator.main' ansible-navigator.color.enable not found in settings file
2024-12-16T23:18:49.372234+00:00 DEBUG 'ansible_navigator.main' ansible-navigator.editor.command not found in settings file
2024-12-16T23:18:49.372253+00:00 DEBUG 'ansible_navigator.main' ansible-navigator.editor.console not found in settings file
2024-12-16T23:18:49.372273+00:00 DEBUG 'ansible_navigator.main' ansible-navigator.exec.command not found in settings file
2024-12-16T23:18:49.372293+00:00 DEBUG 'ansible_navigator.main' ansible-navigator.exec.shell not found in settings file
2024-12-16T23:18:49.372312+00:00 DEBUG 'ansible_navigator.main' ansible-navigator.execution-environment.enabled not found in settings file
2024-12-16T23:18:49.372332+00:00 DEBUG 'ansible_navigator.main' ansible-navigator.execution-environment.volume-mounts not found in settings file
2024-12-16T23:18:49.372352+00:00 DEBUG 'ansible_navigator.main' ansible-navigator.ansible-builder.help not found in settings file
2024-12-16T23:18:49.372371+00:00 DEBUG 'ansible_navigator.main' ansible-navigator.ansible.config.help not found in settings file
2024-12-16T23:18:49.372391+00:00 DEBUG 'ansible_navigator.main' ansible-navigator.ansible.doc.help not found in settings file
2024-12-16T23:18:49.372410+00:00 DEBUG 'ansible_navigator.main' ansible-navigator.ansible.inventory.help not found in settings file
2024-12-16T23:18:49.372436+00:00 DEBUG 'ansible_navigator.main' ansible-navigator.ansible.playbook.help not found in settings file
2024-12-16T23:18:49.372465+00:00 DEBUG 'ansible_navigator.main' ansible-navigator.images.details not found in settings file
2024-12-16T23:18:49.372493+00:00 DEBUG 'ansible_navigator.main' ansible-navigator.ansible.inventory.entries not found in settings file
2024-12-16T23:18:49.372515+00:00 DEBUG 'ansible_navigator.main' ansible-navigator.inventory-columns not found in settings file
2024-12-16T23:18:49.372535+00:00 DEBUG 'ansible_navigator.main' ansible-navigator.ansible-lint.config not found in settings file
2024-12-16T23:18:49.372555+00:00 DEBUG 'ansible_navigator.main' ansible-navigator.ansible-lint.lintables not found in settings file
2024-12-16T23:18:49.372579+00:00 DEBUG 'ansible_navigator.main' ansible-navigator.logging.append not found in settings file
2024-12-16T23:18:49.372599+00:00 DEBUG 'ansible_navigator.main' ansible-navigator.logging.file not found in settings file
2024-12-16T23:18:49.372683+00:00 DEBUG 'ansible_navigator.main' ansible-navigator.logging.level not found in settings file
2024-12-16T23:18:49.372704+00:00 DEBUG 'ansible_navigator.main' ansible-navigator.mode not found in settings file
2024-12-16T23:18:49.372724+00:00 DEBUG 'ansible_navigator.main' ansible-navigator.color.osc4 not found in settings file
2024-12-16T23:18:49.372743+00:00 DEBUG 'ansible_navigator.main' ansible-navigator.execution-environment.environment-variables.pass not found in settings file
2024-12-16T23:18:49.372763+00:00 DEBUG 'ansible_navigator.main' ansible-navigator.ansible.playbook.path not found in settings file
2024-12-16T23:18:49.372783+00:00 DEBUG 'ansible_navigator.main' ansible-navigator.playbook-artifact.enable not found in settings file
2024-12-16T23:18:49.372819+00:00 DEBUG 'ansible_navigator.main' ansible-navigator.playbook-artifact.replay not found in settings file
2024-12-16T23:18:49.372847+00:00 DEBUG 'ansible_navigator.main' ansible-navigator.playbook-artifact.save-as not found in settings file
2024-12-16T23:18:49.372867+00:00 DEBUG 'ansible_navigator.main' ansible-navigator.ansible.doc.plugin.name not found in settings file
2024-12-16T23:18:49.372886+00:00 DEBUG 'ansible_navigator.main' ansible-navigator.ansible.doc.plugin.type not found in settings file
2024-12-16T23:18:49.372905+00:00 DEBUG 'ansible_navigator.main' ansible-navigator.execution-environment.pull.arguments not found in settings file
2024-12-16T23:18:49.372924+00:00 DEBUG 'ansible_navigator.main' ansible-navigator.execution-environment.environment-variables.set not found in settings file
2024-12-16T23:18:49.372944+00:00 DEBUG 'ansible_navigator.main' ansible-navigator.settings.effective not found in settings file
2024-12-16T23:18:49.372963+00:00 DEBUG 'ansible_navigator.main' ansible-navigator.settings.sample not found in settings file
2024-12-16T23:18:49.372983+00:00 DEBUG 'ansible_navigator.main' ansible-navigator.settings.schema not found in settings file
2024-12-16T23:18:49.373002+00:00 DEBUG 'ansible_navigator.main' ansible-navigator.settings.sources not found in settings file
2024-12-16T23:18:49.373022+00:00 DEBUG 'ansible_navigator.main' ansible-navigator.time-zone not found in settings file
2024-12-16T23:18:49.373041+00:00 DEBUG 'ansible_navigator.main' ansible-navigator.ansible-builder.workdir not found in settings file
2024-12-16T23:18:49.373061+00:00 DEBUG 'ansible_navigator.main' EE support enabled: using current working directory for 'ansible.cfg'
2024-12-16T23:18:49.373080+00:00 INFO 'ansible_navigator.main' EE support enabled: found 'ansible.cfg' in current working directory.
2024-12-16T23:18:49.373100+00:00 DEBUG 'ansible_navigator.main' Completed post processing for ansible_runner_artifact_dir. (changed=False)
2024-12-16T23:18:49.373120+00:00 DEBUG 'ansible_navigator.main' Completed post processing for ansible_runner_rotate_artifacts_count. (changed=False)
2024-12-16T23:18:49.373139+00:00 DEBUG 'ansible_navigator.main' Completed post processing for ansible_runner_timeout. (changed=False)
2024-12-16T23:18:49.373159+00:00 DEBUG 'ansible_navigator.main' Completed post processing for cmdline. (changed=False)
2024-12-16T23:18:49.373178+00:00 DEBUG 'ansible_navigator.main' Completed post processing for collection_doc_cache_path. (changed=False)
2024-12-16T23:18:49.373197+00:00 DEBUG 'ansible_navigator.main' Completed post processing for container_engine. (changed=True)
2024-12-16T23:18:49.373217+00:00 DEBUG 'ansible_navigator.main'  before: 'auto'
2024-12-16T23:18:49.373237+00:00 DEBUG 'ansible_navigator.main'  after: 'podman'
2024-12-16T23:18:49.373256+00:00 DEBUG 'ansible_navigator.main' Completed post processing for container_options. (changed=False)
2024-12-16T23:18:49.373276+00:00 DEBUG 'ansible_navigator.main' Completed post processing for display_color. (changed=False)
2024-12-16T23:18:49.373305+00:00 DEBUG 'ansible_navigator.main' Completed post processing for execution_environment. (changed=False)
2024-12-16T23:18:49.373326+00:00 DEBUG 'ansible_navigator.main' Completed post processing for execution_environment_image. (changed=False)
2024-12-16T23:18:49.373346+00:00 DEBUG 'ansible_navigator.main' Completed post processing for help_builder. (changed=False)
2024-12-16T23:18:49.373365+00:00 DEBUG 'ansible_navigator.main' Completed post processing for help_config. (changed=False)
2024-12-16T23:18:49.373384+00:00 DEBUG 'ansible_navigator.main' Completed post processing for help_doc. (changed=False)
2024-12-16T23:18:49.373403+00:00 DEBUG 'ansible_navigator.main' Completed post processing for help_inventory. (changed=False)
2024-12-16T23:18:49.373423+00:00 DEBUG 'ansible_navigator.main' Completed post processing for help_playbook. (changed=False)
2024-12-16T23:18:49.373442+00:00 DEBUG 'ansible_navigator.main' Completed post processing for images_details. (changed=False)
2024-12-16T23:18:49.373461+00:00 DEBUG 'ansible_navigator.main' Completed post processing for inventory. (changed=True)
2024-12-16T23:18:49.373481+00:00 DEBUG 'ansible_navigator.main'  before: 'Not set'
2024-12-16T23:18:49.373500+00:00 DEBUG 'ansible_navigator.main'  after: '['/home/student/projects-review/inventory']'
2024-12-16T23:18:49.373519+00:00 DEBUG 'ansible_navigator.main' Completed post processing for inventory_column. (changed=False)
2024-12-16T23:18:49.373538+00:00 DEBUG 'ansible_navigator.main' Completed post processing for log_file. (changed=False)
2024-12-16T23:18:49.373558+00:00 DEBUG 'ansible_navigator.main' Completed post processing for pass_environment_variable. (changed=False)
2024-12-16T23:18:49.373577+00:00 DEBUG 'ansible_navigator.main' Completed post processing for playbook. (changed=False)
2024-12-16T23:18:49.373597+00:00 DEBUG 'ansible_navigator.main' Completed post processing for playbook_artifact_replay. (changed=False)
2024-12-16T23:18:49.373627+00:00 DEBUG 'ansible_navigator.main' Completed post processing for playbook_artifact_save_as. (changed=False)
2024-12-16T23:18:49.373647+00:00 DEBUG 'ansible_navigator.main' Completed post processing for plugin_name. (changed=False)
2024-12-16T23:18:49.373666+00:00 DEBUG 'ansible_navigator.main' Completed post processing for pull_arguments. (changed=False)
2024-12-16T23:18:49.373685+00:00 DEBUG 'ansible_navigator.main' Completed post processing for set_environment_variable. (changed=False)
2024-12-16T23:18:49.373705+00:00 DEBUG 'ansible_navigator.main' Completed post processing for settings_effective. (changed=False)
2024-12-16T23:18:49.373724+00:00 DEBUG 'ansible_navigator.main' Completed post processing for settings_sample. (changed=False)
2024-12-16T23:18:49.373743+00:00 DEBUG 'ansible_navigator.main' Completed post processing for settings_schema. (changed=False)
2024-12-16T23:18:49.373762+00:00 DEBUG 'ansible_navigator.main' Completed post processing for settings_sources. (changed=False)
2024-12-16T23:18:49.373781+00:00 DEBUG 'ansible_navigator.main' Completed post processing for time_zone. (changed=False)
2024-12-16T23:18:49.373809+00:00 DEBUG 'ansible_navigator.main' Completed post processing for execution_environment_volume_mounts. (changed=False)
2024-12-16T23:18:49.373829+00:00 DEBUG 'ansible_navigator.main' Completed post processing for mode. (changed=False)
2024-12-16T23:18:49.373854+00:00 WARNING 'ansible_navigator.main' Configuration errors encountered, rolling back to previous configuration.
2024-12-16T23:18:49.373874+00:00 DEBUG 'ansible_navigator.main' Prior to rollback: ansible_runner_artifact_dir = 'Not set' (Constants/Not set)
2024-12-16T23:18:49.373894+00:00 DEBUG 'ansible_navigator.main' Prior to rollback: ansible_runner_rotate_artifacts_count = 'Not set' (Constants/Not set)
2024-12-16T23:18:49.373914+00:00 DEBUG 'ansible_navigator.main' Prior to rollback: ansible_runner_timeout = 'Not set' (Constants/Not set)
2024-12-16T23:18:49.373934+00:00 DEBUG 'ansible_navigator.main' Prior to rollback: app = 'run' (str/Command line)
2024-12-16T23:18:49.373966+00:00 DEBUG 'ansible_navigator.main' Prior to rollback: cmdline = '['--syntax-check']' (list/Command line)
2024-12-16T23:18:49.373986+00:00 DEBUG 'ansible_navigator.main' Prior to rollback: collection_doc_cache_path = '/home/student/.cache/ansible-navigator/collection_doc_cache.db' (str/Defaults)
2024-12-16T23:18:49.374007+00:00 DEBUG 'ansible_navigator.main' Prior to rollback: config = 'Not set' (Constants/Not set)
2024-12-16T23:18:49.374026+00:00 DEBUG 'ansible_navigator.main' Prior to rollback: container_engine = 'podman' (str/Automatically determined)
2024-12-16T23:18:49.374045+00:00 DEBUG 'ansible_navigator.main' Prior to rollback: container_options = 'Not set' (Constants/Not set)
2024-12-16T23:18:49.374065+00:00 DEBUG 'ansible_navigator.main' Prior to rollback: display_color = 'True' (bool/Defaults)
2024-12-16T23:18:49.374084+00:00 DEBUG 'ansible_navigator.main' Prior to rollback: editor_command = '/usr/bin/vim {filename}' (str/Defaults)
2024-12-16T23:18:49.374103+00:00 DEBUG 'ansible_navigator.main' Prior to rollback: editor_console = 'True' (bool/Defaults)
2024-12-16T23:18:49.374122+00:00 DEBUG 'ansible_navigator.main' Prior to rollback: exec_command = '/bin/bash' (str/Defaults)
2024-12-16T23:18:49.374142+00:00 DEBUG 'ansible_navigator.main' Prior to rollback: exec_shell = 'True' (bool/Defaults)
2024-12-16T23:18:49.374161+00:00 DEBUG 'ansible_navigator.main' Prior to rollback: execution_environment = 'True' (bool/Defaults)
2024-12-16T23:18:49.374181+00:00 DEBUG 'ansible_navigator.main' Prior to rollback: execution_environment_image = 'utility.lab.example.com/ee-supported-rhel8:latest' (str/Settings file)
2024-12-16T23:18:49.374200+00:00 DEBUG 'ansible_navigator.main' Prior to rollback: execution_environment_volume_mounts = 'Not set' (Constants/Not set)
2024-12-16T23:18:49.374219+00:00 DEBUG 'ansible_navigator.main' Prior to rollback: help_builder = 'False' (bool/Defaults)
2024-12-16T23:18:49.374238+00:00 DEBUG 'ansible_navigator.main' Prior to rollback: help_config = 'False' (bool/Defaults)
2024-12-16T23:18:49.374258+00:00 DEBUG 'ansible_navigator.main' Prior to rollback: help_doc = 'False' (bool/Defaults)
2024-12-16T23:18:49.374277+00:00 DEBUG 'ansible_navigator.main' Prior to rollback: help_inventory = 'False' (bool/Defaults)
2024-12-16T23:18:49.374297+00:00 DEBUG 'ansible_navigator.main' Prior to rollback: help_playbook = 'False' (bool/Defaults)
2024-12-16T23:18:49.374316+00:00 DEBUG 'ansible_navigator.main' Prior to rollback: images_details = '['everything']' (list/Defaults)
2024-12-16T23:18:49.374335+00:00 DEBUG 'ansible_navigator.main' Prior to rollback: inventory = '['/home/student/projects-review/inventory']' (list/Ansible configuration file)
2024-12-16T23:18:49.374354+00:00 DEBUG 'ansible_navigator.main' Prior to rollback: inventory_column = 'Not set' (Constants/Not set)
2024-12-16T23:18:49.374374+00:00 DEBUG 'ansible_navigator.main' Prior to rollback: lint_config = 'Not set' (Constants/Not set)
2024-12-16T23:18:49.374393+00:00 DEBUG 'ansible_navigator.main' Prior to rollback: lintables = 'Not set' (Constants/Not set)
2024-12-16T23:18:49.374413+00:00 DEBUG 'ansible_navigator.main' Prior to rollback: log_append = 'True' (bool/Defaults)
2024-12-16T23:18:49.374432+00:00 DEBUG 'ansible_navigator.main' Prior to rollback: log_file = '/home/student/projects-review/ansible-navigator.log' (str/Defaults)
2024-12-16T23:18:49.374451+00:00 DEBUG 'ansible_navigator.main' Prior to rollback: log_level = 'warning' (str/Defaults)
2024-12-16T23:18:49.374470+00:00 DEBUG 'ansible_navigator.main' Prior to rollback: mode = 'stdout' (str/Command line)
2024-12-16T23:18:49.374490+00:00 DEBUG 'ansible_navigator.main' Prior to rollback: osc4 = 'True' (bool/Defaults)
2024-12-16T23:18:49.374509+00:00 DEBUG 'ansible_navigator.main' Prior to rollback: pass_environment_variable = 'Not set' (Constants/Not set)
2024-12-16T23:18:49.374528+00:00 DEBUG 'ansible_navigator.main' Prior to rollback: playbook = 'Not set' (Constants/Not set)
2024-12-16T23:18:49.374550+00:00 DEBUG 'ansible_navigator.main' Prior to rollback: playbook_artifact_enable = 'True' (bool/Defaults)
2024-12-16T23:18:49.374570+00:00 DEBUG 'ansible_navigator.main' Prior to rollback: playbook_artifact_replay = 'Not set' (Constants/Not set)
2024-12-16T23:18:49.374589+00:00 DEBUG 'ansible_navigator.main' Prior to rollback: playbook_artifact_save_as = '{playbook_dir}/{playbook_name}-artifact-{time_stamp}.json' (str/Defaults)
2024-12-16T23:18:49.374609+00:00 DEBUG 'ansible_navigator.main' Prior to rollback: plugin_name = 'Not set' (Constants/Not set)
2024-12-16T23:18:49.374638+00:00 DEBUG 'ansible_navigator.main' Prior to rollback: plugin_type = 'module' (str/Defaults)
2024-12-16T23:18:49.374658+00:00 DEBUG 'ansible_navigator.main' Prior to rollback: pull_arguments = 'Not set' (Constants/Not set)
2024-12-16T23:18:49.374677+00:00 DEBUG 'ansible_navigator.main' Prior to rollback: pull_policy = 'missing' (str/Settings file)
2024-12-16T23:18:49.374697+00:00 DEBUG 'ansible_navigator.main' Prior to rollback: set_environment_variable = 'Not set' (Constants/Not set)
2024-12-16T23:18:49.374716+00:00 DEBUG 'ansible_navigator.main' Prior to rollback: settings_effective = 'False' (bool/Defaults)
2024-12-16T23:18:49.374736+00:00 DEBUG 'ansible_navigator.main' Prior to rollback: settings_sample = 'False' (bool/Defaults)
2024-12-16T23:18:49.374755+00:00 DEBUG 'ansible_navigator.main' Prior to rollback: settings_schema = 'json' (str/Defaults)
2024-12-16T23:18:49.374774+00:00 DEBUG 'ansible_navigator.main' Prior to rollback: settings_sources = 'False' (bool/Defaults)
2024-12-16T23:18:49.374794+00:00 DEBUG 'ansible_navigator.main' Prior to rollback: time_zone = 'UTC' (str/Defaults)
2024-12-16T23:18:49.374826+00:00 DEBUG 'ansible_navigator.main' Prior to rollback: workdir = '/home/student/projects-review' (str/Defaults)
2024-12-16T23:18:49.374846+00:00 DEBUG 'ansible_navigator.main' After rollback: ansible_runner_artifact_dir = 'Not set' (Constants/Not set)
2024-12-16T23:18:49.374865+00:00 DEBUG 'ansible_navigator.main' After rollback: ansible_runner_rotate_artifacts_count = 'Not set' (Constants/Not set)
2024-12-16T23:18:49.374885+00:00 DEBUG 'ansible_navigator.main' After rollback: ansible_runner_timeout = 'Not set' (Constants/Not set)
2024-12-16T23:18:49.374904+00:00 DEBUG 'ansible_navigator.main' After rollback: app = 'Not set' (Constants/Not set)
2024-12-16T23:18:49.374924+00:00 DEBUG 'ansible_navigator.main' After rollback: cmdline = 'Not set' (Constants/Not set)
2024-12-16T23:18:49.374943+00:00 DEBUG 'ansible_navigator.main' After rollback: collection_doc_cache_path = 'Not set' (Constants/Not set)
2024-12-16T23:18:49.374963+00:00 DEBUG 'ansible_navigator.main' After rollback: config = 'Not set' (Constants/Not set)
2024-12-16T23:18:49.374982+00:00 DEBUG 'ansible_navigator.main' After rollback: container_engine = 'Not set' (Constants/Not set)
2024-12-16T23:18:49.375002+00:00 DEBUG 'ansible_navigator.main' After rollback: container_options = 'Not set' (Constants/Not set)
2024-12-16T23:18:49.375021+00:00 DEBUG 'ansible_navigator.main' After rollback: display_color = 'Not set' (Constants/Not set)
2024-12-16T23:18:49.375041+00:00 DEBUG 'ansible_navigator.main' After rollback: editor_command = 'Not set' (Constants/Not set)
2024-12-16T23:18:49.375060+00:00 DEBUG 'ansible_navigator.main' After rollback: editor_console = 'Not set' (Constants/Not set)
2024-12-16T23:18:49.375079+00:00 DEBUG 'ansible_navigator.main' After rollback: exec_command = 'Not set' (Constants/Not set)
2024-12-16T23:18:49.375099+00:00 DEBUG 'ansible_navigator.main' After rollback: exec_shell = 'Not set' (Constants/Not set)
2024-12-16T23:18:49.375118+00:00 DEBUG 'ansible_navigator.main' After rollback: execution_environment = 'Not set' (Constants/Not set)
2024-12-16T23:18:49.375138+00:00 DEBUG 'ansible_navigator.main' After rollback: execution_environment_image = 'Not set' (Constants/Not set)
2024-12-16T23:18:49.375157+00:00 DEBUG 'ansible_navigator.main' After rollback: execution_environment_volume_mounts = 'Not set' (Constants/Not set)
2024-12-16T23:18:49.375183+00:00 DEBUG 'ansible_navigator.main' After rollback: help_builder = 'Not set' (Constants/Not set)
2024-12-16T23:18:49.375204+00:00 DEBUG 'ansible_navigator.main' After rollback: help_config = 'Not set' (Constants/Not set)
2024-12-16T23:18:49.375223+00:00 DEBUG 'ansible_navigator.main' After rollback: help_doc = 'Not set' (Constants/Not set)
2024-12-16T23:18:49.375242+00:00 DEBUG 'ansible_navigator.main' After rollback: help_inventory = 'Not set' (Constants/Not set)
2024-12-16T23:18:49.375262+00:00 DEBUG 'ansible_navigator.main' After rollback: help_playbook = 'Not set' (Constants/Not set)
2024-12-16T23:18:49.375281+00:00 DEBUG 'ansible_navigator.main' After rollback: images_details = 'Not set' (Constants/Not set)
2024-12-16T23:18:49.375301+00:00 DEBUG 'ansible_navigator.main' After rollback: inventory = 'Not set' (Constants/Not set)
2024-12-16T23:18:49.375320+00:00 DEBUG 'ansible_navigator.main' After rollback: inventory_column = 'Not set' (Constants/Not set)
2024-12-16T23:18:49.375340+00:00 DEBUG 'ansible_navigator.main' After rollback: lint_config = 'Not set' (Constants/Not set)
2024-12-16T23:18:49.375359+00:00 DEBUG 'ansible_navigator.main' After rollback: lintables = 'Not set' (Constants/Not set)
2024-12-16T23:18:49.375378+00:00 DEBUG 'ansible_navigator.main' After rollback: log_append = 'Not set' (Constants/Not set)
2024-12-16T23:18:49.375398+00:00 DEBUG 'ansible_navigator.main' After rollback: log_file = 'Not set' (Constants/Not set)
2024-12-16T23:18:49.375417+00:00 DEBUG 'ansible_navigator.main' After rollback: log_level = 'Not set' (Constants/Not set)
2024-12-16T23:18:49.375436+00:00 DEBUG 'ansible_navigator.main' After rollback: mode = 'Not set' (Constants/Not set)
2024-12-16T23:18:49.375456+00:00 DEBUG 'ansible_navigator.main' After rollback: osc4 = 'Not set' (Constants/Not set)
2024-12-16T23:18:49.375475+00:00 DEBUG 'ansible_navigator.main' After rollback: pass_environment_variable = 'Not set' (Constants/Not set)
2024-12-16T23:18:49.375495+00:00 DEBUG 'ansible_navigator.main' After rollback: playbook = 'Not set' (Constants/Not set)
2024-12-16T23:18:49.375514+00:00 DEBUG 'ansible_navigator.main' After rollback: playbook_artifact_enable = 'Not set' (Constants/Not set)
2024-12-16T23:18:49.375534+00:00 DEBUG 'ansible_navigator.main' After rollback: playbook_artifact_replay = 'Not set' (Constants/Not set)
2024-12-16T23:18:49.375553+00:00 DEBUG 'ansible_navigator.main' After rollback: playbook_artifact_save_as = 'Not set' (Constants/Not set)
2024-12-16T23:18:49.375573+00:00 DEBUG 'ansible_navigator.main' After rollback: plugin_name = 'Not set' (Constants/Not set)
2024-12-16T23:18:49.375592+00:00 DEBUG 'ansible_navigator.main' After rollback: plugin_type = 'Not set' (Constants/Not set)
2024-12-16T23:18:49.375617+00:00 DEBUG 'ansible_navigator.main' After rollback: pull_arguments = 'Not set' (Constants/Not set)
2024-12-16T23:18:49.375639+00:00 DEBUG 'ansible_navigator.main' After rollback: pull_policy = 'Not set' (Constants/Not set)
2024-12-16T23:18:49.375659+00:00 DEBUG 'ansible_navigator.main' After rollback: set_environment_variable = 'Not set' (Constants/Not set)
2024-12-16T23:18:49.375678+00:00 DEBUG 'ansible_navigator.main' After rollback: settings_effective = 'Not set' (Constants/Not set)
2024-12-16T23:18:49.375698+00:00 DEBUG 'ansible_navigator.main' After rollback: settings_sample = 'Not set' (Constants/Not set)
2024-12-16T23:18:49.375728+00:00 DEBUG 'ansible_navigator.main' After rollback: settings_schema = 'Not set' (Constants/Not set)
2024-12-16T23:18:49.375757+00:00 DEBUG 'ansible_navigator.main' After rollback: settings_sources = 'Not set' (Constants/Not set)
2024-12-16T23:18:49.375786+00:00 DEBUG 'ansible_navigator.main' After rollback: time_zone = 'Not set' (Constants/Not set)
2024-12-16T23:18:49.375815+00:00 DEBUG 'ansible_navigator.main' After rollback: workdir = 'Not set' (Constants/Not set)
2024-12-16T23:18:49.375836+00:00 DEBUG 'ansible_navigator.main' Configuration rollback complete.
2024-12-16T23:18:49.375856+00:00 DEBUG 'ansible_navigator.main' Collection doc cache not mounted
2024-12-16T23:18:49.375904+00:00 WARNING 'ansible_navigator.main' Issues were found while applying the settings.
2024-12-16T23:18:49.375929+00:00 INFO 'ansible_navigator.main' Command provided: 'run -m stdout --syntax-check'
2024-12-16T23:18:49.375956+00:00 ERROR 'ansible_navigator.main' A playbook is required when using the run subcommand
2024-12-16T23:18:49.375980+00:00 INFO 'ansible_navigator.main' Try again with 'run <playbook name>'
2024-12-16T23:18:49.376002+00:00 INFO 'ansible_navigator.main' Configuration failed, using default log file location. (/home/student/projects-review/ansible-navigator.log) Log level set to debug
2024-12-16T23:18:49.376026+00:00 INFO 'ansible_navigator.main' Review the hints and log file to see what went wrong.
2024-12-16T23:18:56.996718+00:00 CRITICAL 'ansible_navigator.actions.run_playbook._handle_message' Unhandled message from runner queue, discarded: {'event': 'verbose', 'uuid': 'c3dd4f67-717b-419c-b6b2-1777feae2491', 'counter': 1, 'stdout': '\x1b[1;35m[WARNING]: Could not match supplied host pattern, ignoring:\x1b[0m', 'start_line': 0, 'end_line': 1, 'runner_ident': '63de99e9-5c58-4892-8b6f-c287bf0d8e18', 'created': '2024-12-16T23:18:56.989679'}
2024-12-16T23:18:56.997642+00:00 CRITICAL 'ansible_navigator.actions.run_playbook._handle_message' Unhandled message from runner queue, discarded: {'event': 'verbose', 'uuid': 'b130fee2-222b-4da0-a449-f9216059a32a', 'counter': 2, 'stdout': '\x1b[1;35mserver*.lab.exampl.com\x1b[0m', 'start_line': 1, 'end_line': 2, 'runner_ident': '63de99e9-5c58-4892-8b6f-c287bf0d8e18', 'created': '2024-12-16T23:18:56.990209'}
2024-12-16T23:18:56.997716+00:00 CRITICAL 'ansible_navigator.actions.run_playbook._handle_message' Unhandled message from runner queue, discarded: {'event': 'verbose', 'uuid': 'bc59e861-b904-493b-9479-c3c462d6d9b3', 'counter': 3, 'stdout': '', 'start_line': 2, 'end_line': 3, 'runner_ident': '63de99e9-5c58-4892-8b6f-c287bf0d8e18', 'created': '2024-12-16T23:18:56.990572'}
2024-12-16T23:18:56.997838+00:00 CRITICAL 'ansible_navigator.actions.run_playbook._handle_message' Unhandled message from runner queue, discarded: {'event': 'verbose', 'uuid': 'ebb978f5-f91f-4677-9966-32f890f4d3e5', 'counter': 4, 'stdout': 'playbook: /home/student/projects-review/playbook.yml', 'start_line': 3, 'end_line': 4, 'runner_ident': '63de99e9-5c58-4892-8b6f-c287bf0d8e18', 'created': '2024-12-16T23:18:56.990647'}
2024-12-16T23:19:17.552754+00:00 CRITICAL 'ansible_navigator.actions.run_playbook._handle_message' Unhandled message from runner queue, discarded: {'event': 'verbose', 'uuid': 'a3be0bbb-c8fc-417c-b26d-684b1cd03eb4', 'counter': 1, 'stdout': '', 'start_line': 0, 'end_line': 1, 'runner_ident': '03cdac81-0520-44da-a438-f99632ad2332', 'created': '2024-12-16T23:19:17.550925'}
2024-12-16T23:19:17.553828+00:00 CRITICAL 'ansible_navigator.actions.run_playbook._handle_message' Unhandled message from runner queue, discarded: {'event': 'verbose', 'uuid': 'a863cc60-73f0-498b-8778-9ce27dfe53fe', 'counter': 2, 'stdout': 'playbook: /home/student/projects-review/playbook.yml', 'start_line': 1, 'end_line': 2, 'runner_ident': '03cdac81-0520-44da-a438-f99632ad2332', 'created': '2024-12-16T23:19:17.551189'}
